2022-09-03 17:24:31,339 root            INFO     Init episode: 1
2022-09-03 17:24:31,479 root            INFO     Se configuró correctamente el modelo
2022-09-03 17:24:32,161 root            INFO     Ping time: 48 :: Move time: 1148
2022-09-03 17:25:33,735 root            INFO     Is Done!
2022-09-03 17:25:33,737 root            INFO     Time dif: 59.20158243179321
2022-09-03 17:25:33,737 root            INFO     Epsilon: 0.891 :: Episode_reward 68.80000000000001
2022-09-03 17:25:33,737 root            INFO     Total acts: 46 Random: 44 %% 0.9565217391304348 Q-Table: 2 %% 0.043478260869565216
2022-09-03 17:25:33,745 root            INFO     Init episode: 2
2022-09-03 17:25:33,925 root            INFO     Se configuró correctamente el modelo
2022-09-03 17:25:34,574 root            INFO     Ping time: 46 :: Move time: 1146
2022-09-03 17:26:42,186 root            INFO     Is Done!
2022-09-03 17:26:42,188 root            INFO     Time dif: 65.15773868560791
2022-09-03 17:26:42,188 root            INFO     Epsilon: 0.88209 :: Episode_reward 6.050000000000001
2022-09-03 17:26:42,188 root            INFO     Total acts: 69 Random: 63 %% 0.9130434782608695 Q-Table: 6 %% 0.08695652173913043
2022-09-03 17:26:42,188 root            INFO     Init episode: 3
2022-09-03 17:26:42,375 root            INFO     Se configuró correctamente el modelo
2022-09-03 17:26:43,058 root            INFO     Ping time: 48 :: Move time: 1148
2022-09-03 17:27:53,910 root            INFO     Is Done!
2022-09-03 17:27:53,912 root            INFO     Time dif: 68.48256182670593
2022-09-03 17:27:53,912 root            INFO     Epsilon: 0.8732691 :: Episode_reward -36.449999999999974
2022-09-03 17:27:53,912 root            INFO     Total acts: 83 Random: 75 %% 0.9036144578313253 Q-Table: 8 %% 0.0963855421686747
2022-09-03 17:27:53,912 root            INFO     Init episode: 4
2022-09-03 17:27:54,067 root            INFO     Se configuró correctamente el modelo
2022-09-03 17:27:54,748 root            INFO     Ping time: 48 :: Move time: 1148
2022-09-03 17:28:43,013 root            INFO     Is Done!
2022-09-03 17:28:43,015 root            INFO     Time dif: 45.90861654281616
2022-09-03 17:28:43,015 root            INFO     Epsilon: 0.8645364090000001 :: Episode_reward 43.05
2022-09-03 17:28:43,015 root            INFO     Total acts: 39 Random: 37 %% 0.9487179487179487 Q-Table: 2 %% 0.05128205128205128
2022-09-03 17:28:43,015 root            INFO     Init episode: 5
2022-09-03 17:28:43,173 root            INFO     Se configuró correctamente el modelo
2022-09-03 17:28:43,853 root            INFO     Ping time: 63 :: Move time: 1163
2022-09-03 17:29:34,190 root            INFO     Is Done!
2022-09-03 17:29:34,192 root            INFO     Time dif: 47.9226598739624
2022-09-03 17:29:34,192 root            INFO     Epsilon: 0.85589104491 :: Episode_reward 58.95000000000002
2022-09-03 17:29:34,192 root            INFO     Total acts: 38 Random: 31 %% 0.8157894736842105 Q-Table: 7 %% 0.18421052631578946
2022-09-03 17:29:34,192 root            INFO     Init episode: 6
2022-09-03 17:29:34,365 root            INFO     Se configuró correctamente el modelo
2022-09-03 17:29:35,061 root            INFO     Ping time: 47 :: Move time: 1147
2022-09-03 17:30:16,355 root            INFO     Unknown location error
2022-09-03 17:30:16,357 root            INFO     Time dif: 40.686484813690186
2022-09-03 17:30:16,357 root            INFO     Epsilon: 0.8473321344609 :: Episode_reward -79949.3
2022-09-03 17:30:16,357 root            INFO     Total acts: 29 Random: 28 %% 0.9655172413793104 Q-Table: 1 %% 0.034482758620689655
2022-09-03 17:30:16,357 root            INFO     Init episode: 7
2022-09-03 17:30:16,591 root            INFO     Se configuró correctamente el modelo
2022-09-03 17:30:17,288 root            INFO     Ping time: 47 :: Move time: 1147
2022-09-03 17:31:17,689 root            INFO     Is Done!
2022-09-03 17:31:17,691 root            INFO     Time dif: 57.94316291809082
2022-09-03 17:31:17,691 root            INFO     Epsilon: 0.8388588131162911 :: Episode_reward 56.95
2022-09-03 17:31:17,691 root            INFO     Total acts: 49 Random: 44 %% 0.8979591836734694 Q-Table: 5 %% 0.10204081632653061
2022-09-03 17:31:17,691 root            INFO     Init episode: 8
2022-09-03 17:31:17,847 root            INFO     Se configuró correctamente el modelo
2022-09-03 17:31:18,543 root            INFO     Ping time: 63 :: Move time: 1163
2022-09-03 17:32:23,198 root            INFO     Is Done!
2022-09-03 17:32:23,200 root            INFO     Time dif: 62.219014406204224
2022-09-03 17:32:23,200 root            INFO     Epsilon: 0.8304702249851281 :: Episode_reward 91.40000000000005
2022-09-03 17:32:23,200 root            INFO     Total acts: 46 Random: 34 %% 0.7391304347826086 Q-Table: 12 %% 0.2608695652173913
2022-09-03 17:32:23,200 root            INFO     Init episode: 9
2022-09-03 17:32:23,339 root            INFO     Se configuró correctamente el modelo
2022-09-03 17:32:24,018 root            INFO     Ping time: 48 :: Move time: 1148
2022-09-03 17:33:17,883 root            INFO     Is Done!
2022-09-03 17:33:17,884 root            INFO     Time dif: 51.427995920181274
2022-09-03 17:33:17,884 root            INFO     Epsilon: 0.8221655227352769 :: Episode_reward 72.40000000000003
2022-09-03 17:33:17,884 root            INFO     Total acts: 36 Random: 29 %% 0.8055555555555556 Q-Table: 7 %% 0.19444444444444445
2022-09-03 17:33:17,885 root            INFO     Init episode: 10
2022-09-03 17:33:18,025 root            INFO     Se configuró correctamente el modelo
2022-09-03 17:33:18,704 root            INFO     Ping time: 48 :: Move time: 1148
2022-09-03 17:34:15,790 root            INFO     Unknown location error
2022-09-03 17:34:15,792 root            INFO     Time dif: 56.499948501586914
2022-09-03 17:34:15,792 root            INFO     Epsilon: 0.8139438675079241 :: Episode_reward -79980.25
2022-09-03 17:34:15,792 root            INFO     Total acts: 56 Random: 49 %% 0.875 Q-Table: 7 %% 0.125
2022-09-03 17:34:15,792 root            INFO     Init episode: 11
2022-09-03 17:34:15,929 root            INFO     Se configuró correctamente el modelo
2022-09-03 17:34:16,609 root            INFO     Ping time: 47 :: Move time: 1147
2022-09-03 17:35:24,365 root            INFO     Is Done!
2022-09-03 17:35:24,367 root            INFO     Time dif: 65.35235357284546
2022-09-03 17:35:24,367 root            INFO     Epsilon: 0.8058044288328449 :: Episode_reward 22.799999999999986
2022-09-03 17:35:24,367 root            INFO     Total acts: 66 Random: 56 %% 0.8484848484848485 Q-Table: 10 %% 0.15151515151515152
2022-09-03 17:35:24,367 root            INFO     Init episode: 12
2022-09-03 17:35:24,490 root            INFO     Se configuró correctamente el modelo
2022-09-03 17:35:25,154 root            INFO     Ping time: 46 :: Move time: 1146
2022-09-03 17:36:26,557 root            INFO     Is Done!
2022-09-03 17:36:26,559 root            INFO     Time dif: 59.03137969970703
2022-09-03 17:36:26,559 root            INFO     Epsilon: 0.7977463845445164 :: Episode_reward 77.19999999999999
2022-09-03 17:36:26,559 root            INFO     Total acts: 43 Random: 33 %% 0.7674418604651163 Q-Table: 10 %% 0.23255813953488372
2022-09-03 17:36:26,559 root            INFO     Init episode: 13
2022-09-03 17:36:26,701 root            INFO     Se configuró correctamente el modelo
2022-09-03 17:36:27,416 root            INFO     Ping time: 64 :: Move time: 1164
2022-09-03 17:37:12,609 root            INFO     Is Done!
2022-09-03 17:37:12,611 root            INFO     Time dif: 42.81578016281128
2022-09-03 17:37:12,611 root            INFO     Epsilon: 0.7897689206990712 :: Episode_reward 79.8
2022-09-03 17:37:12,611 root            INFO     Total acts: 26 Random: 20 %% 0.7692307692307693 Q-Table: 6 %% 0.23076923076923078
2022-09-03 17:37:12,611 root            INFO     Init episode: 14
2022-09-03 17:37:12,783 root            INFO     Se configuró correctamente el modelo
2022-09-03 17:37:13,497 root            INFO     Ping time: 62 :: Move time: 1162
2022-09-03 17:38:00,796 root            INFO     Is Done!
2022-09-03 17:38:00,799 root            INFO     Time dif: 44.86773085594177
2022-09-03 17:38:00,799 root            INFO     Epsilon: 0.7818712314920805 :: Episode_reward 47.14999999999999
2022-09-03 17:38:00,799 root            INFO     Total acts: 37 Random: 27 %% 0.7297297297297297 Q-Table: 10 %% 0.2702702702702703
2022-09-03 17:38:00,799 root            INFO     Init episode: 15
2022-09-03 17:38:00,954 root            INFO     Se configuró correctamente el modelo
2022-09-03 17:38:01,642 root            INFO     Ping time: 48 :: Move time: 1148
2022-09-03 17:38:51,796 root            INFO     Is Done!
2022-09-03 17:38:51,798 root            INFO     Time dif: 47.76109766960144
2022-09-03 17:38:51,798 root            INFO     Epsilon: 0.7740525191771597 :: Episode_reward 15.399999999999991
2022-09-03 17:38:51,798 root            INFO     Total acts: 48 Random: 37 %% 0.7708333333333334 Q-Table: 11 %% 0.22916666666666666
2022-09-03 17:38:51,798 root            INFO     Init episode: 16
2022-09-03 17:38:51,937 root            INFO     Se configuró correctamente el modelo
2022-09-03 17:38:52,620 root            INFO     Ping time: 48 :: Move time: 1148
2022-09-03 17:39:41,049 root            INFO     Is Done!
2022-09-03 17:39:41,051 root            INFO     Time dif: 45.94751334190369
2022-09-03 17:39:41,051 root            INFO     Epsilon: 0.7663119939853881 :: Episode_reward 46.55
2022-09-03 17:39:41,051 root            INFO     Total acts: 37 Random: 23 %% 0.6216216216216216 Q-Table: 14 %% 0.3783783783783784
2022-09-03 17:39:41,051 root            INFO     Init episode: 17
2022-09-03 17:39:41,177 root            INFO     Se configuró correctamente el modelo
2022-09-03 17:39:41,858 root            INFO     Ping time: 48 :: Move time: 1148
2022-09-03 17:40:38,974 root            INFO     Is Done!
2022-09-03 17:40:38,976 root            INFO     Time dif: 54.7261745929718
2022-09-03 17:40:38,976 root            INFO     Epsilon: 0.7586488740455342 :: Episode_reward 29.84999999999999
2022-09-03 17:40:38,976 root            INFO     Total acts: 51 Random: 41 %% 0.803921568627451 Q-Table: 10 %% 0.19607843137254902
2022-09-03 17:40:38,976 root            INFO     Init episode: 18
2022-09-03 17:40:39,146 root            INFO     Se configuró correctamente el modelo
2022-09-03 17:40:39,828 root            INFO     Ping time: 48 :: Move time: 1148
2022-09-03 17:41:27,935 root            INFO     Is Done!
2022-09-03 17:41:27,937 root            INFO     Time dif: 45.71664571762085
2022-09-03 17:41:27,937 root            INFO     Epsilon: 0.7510623853050789 :: Episode_reward 38.849999999999994
2022-09-03 17:41:27,937 root            INFO     Total acts: 40 Random: 30 %% 0.75 Q-Table: 10 %% 0.25
2022-09-03 17:41:27,937 root            INFO     Init episode: 19
2022-09-03 17:41:28,074 root            INFO     Se configuró correctamente el modelo
2022-09-03 17:41:28,751 root            INFO     Ping time: 46 :: Move time: 1146
2022-09-03 17:42:11,869 root            INFO     Unknown location error
2022-09-03 17:42:11,871 root            INFO     Time dif: 42.51756978034973
2022-09-03 17:42:11,871 root            INFO     Epsilon: 0.7435517614520281 :: Episode_reward -79974.15
2022-09-03 17:42:11,871 root            INFO     Total acts: 37 Random: 28 %% 0.7567567567567568 Q-Table: 9 %% 0.24324324324324326
2022-09-03 17:42:11,871 root            INFO     Init episode: 20
2022-09-03 17:42:12,041 root            INFO     Se configuró correctamente el modelo
2022-09-03 17:42:12,721 root            INFO     Ping time: 48 :: Move time: 1148
2022-09-03 17:43:03,999 root            INFO     Is Done!
2022-09-03 17:43:04,001 root            INFO     Time dif: 48.92298722267151
2022-09-03 17:43:04,001 root            INFO     Epsilon: 0.7361162438375077 :: Episode_reward 11.849999999999993
2022-09-03 17:43:04,001 root            INFO     Total acts: 50 Random: 41 %% 0.82 Q-Table: 9 %% 0.18
2022-09-03 17:43:04,001 root            INFO     Init episode: 21
2022-09-03 17:43:04,139 root            INFO     Se configuró correctamente el modelo
2022-09-03 17:43:04,848 root            INFO     Ping time: 48 :: Move time: 1148
2022-09-03 17:43:52,673 root            INFO     Is Done!
2022-09-03 17:43:52,675 root            INFO     Time dif: 45.41418099403381
2022-09-03 17:43:52,675 root            INFO     Epsilon: 0.7287550813991327 :: Episode_reward 48.64999999999999
2022-09-03 17:43:52,675 root            INFO     Total acts: 37 Random: 32 %% 0.8648648648648649 Q-Table: 5 %% 0.13513513513513514
2022-09-03 17:43:52,676 root            INFO     Init episode: 22
2022-09-03 17:43:52,816 root            INFO     Se configuró correctamente el modelo
2022-09-03 17:43:53,507 root            INFO     Ping time: 46 :: Move time: 1146
2022-09-03 17:44:40,373 root            INFO     Is Done!
2022-09-03 17:44:40,375 root            INFO     Time dif: 44.490952253341675
2022-09-03 17:44:40,375 root            INFO     Epsilon: 0.7214675305851413 :: Episode_reward 50.249999999999986
2022-09-03 17:44:40,375 root            INFO     Total acts: 36 Random: 28 %% 0.7777777777777778 Q-Table: 8 %% 0.2222222222222222
2022-09-03 17:44:40,375 root            INFO     Init episode: 23
2022-09-03 17:44:40,517 root            INFO     Se configuró correctamente el modelo
2022-09-03 17:44:41,198 root            INFO     Ping time: 48 :: Move time: 1148
2022-09-03 17:45:38,983 root            INFO     Unknown location error
2022-09-03 17:45:39,971 root            INFO     Time dif: 57.19898724555969
2022-09-03 17:45:39,971 root            INFO     Epsilon: 0.7142528552792899 :: Episode_reward -79937.45
2022-09-03 17:45:39,972 root            INFO     Total acts: 21 Random: 16 %% 0.7619047619047619 Q-Table: 5 %% 0.23809523809523808
2022-09-03 17:45:39,972 root            INFO     Init episode: 24
2022-09-03 17:45:40,152 root            INFO     Se configuró correctamente el modelo
2022-09-03 17:45:40,862 root            INFO     Ping time: 63 :: Move time: 1163
2022-09-03 17:47:17,309 root            INFO     Unknown location error
2022-09-03 17:47:18,421 root            INFO     Time dif: 95.84421849250793
2022-09-03 17:47:18,422 root            INFO     Epsilon: 0.707110326726497 :: Episode_reward -79942.2
2022-09-03 17:47:18,422 root            INFO     Total acts: 43 Random: 33 %% 0.7674418604651163 Q-Table: 10 %% 0.23255813953488372
2022-09-03 17:47:18,422 root            INFO     Init episode: 25
2022-09-03 17:47:18,576 root            INFO     Se configuró correctamente el modelo
2022-09-03 17:47:19,266 root            INFO     Ping time: 48 :: Move time: 1148
2022-09-03 17:50:29,042 root            INFO     MaxAttemps!
2022-09-03 17:50:29,045 root            INFO     Time dif: 186.83080649375916
2022-09-03 17:50:29,045 root            INFO     Epsilon: 0.700039223459232 :: Episode_reward 40.500000000000014
2022-09-03 17:50:29,045 root            INFO     Total acts: 101 Random: 63 %% 0.6237623762376238 Q-Table: 38 %% 0.37623762376237624
2022-09-03 17:50:29,046 root            INFO     Init episode: 26
2022-09-03 17:50:29,199 root            INFO     Se configuró correctamente el modelo
2022-09-03 17:50:29,925 root            INFO     Ping time: 48 :: Move time: 1148
2022-09-03 17:51:34,851 root            INFO     Unknown location error
2022-09-03 17:51:35,840 root            INFO     Time dif: 64.3357446193695
2022-09-03 17:51:35,840 root            INFO     Epsilon: 0.6930388312246396 :: Episode_reward -79957.05
2022-09-03 17:51:35,840 root            INFO     Total acts: 28 Random: 19 %% 0.6785714285714286 Q-Table: 9 %% 0.32142857142857145
2022-09-03 17:51:35,841 root            INFO     Init episode: 27
2022-09-03 17:51:36,016 root            INFO     Se configuró correctamente el modelo
2022-09-03 17:51:36,741 root            INFO     Ping time: 47 :: Move time: 1147
2022-09-03 17:53:45,888 root            INFO     Is Done!
2022-09-03 17:53:46,834 root            INFO     Time dif: 126.77053046226501
2022-09-03 17:53:46,834 root            INFO     Epsilon: 0.6861084429123933 :: Episode_reward 23.10000000000001
2022-09-03 17:53:46,834 root            INFO     Total acts: 63 Random: 45 %% 0.7142857142857143 Q-Table: 18 %% 0.2857142857142857
2022-09-03 17:53:46,835 root            INFO     Init episode: 28
2022-09-03 17:53:47,012 root            INFO     Se configuró correctamente el modelo
2022-09-03 17:53:47,690 root            INFO     Ping time: 46 :: Move time: 1146
2022-09-03 17:55:06,804 root            INFO     Unknown location error
2022-09-03 17:55:07,779 root            INFO     Time dif: 78.5174081325531
2022-09-03 17:55:07,779 root            INFO     Epsilon: 0.6792473584832693 :: Episode_reward -79952.25
2022-09-03 17:55:07,779 root            INFO     Total acts: 34 Random: 23 %% 0.6764705882352942 Q-Table: 11 %% 0.3235294117647059
2022-09-03 17:55:07,780 root            INFO     Init episode: 29
2022-09-03 17:55:07,973 root            INFO     Se configuró correctamente el modelo
2022-09-03 17:55:08,654 root            INFO     Ping time: 46 :: Move time: 1146
2022-09-03 17:57:11,229 root            INFO     Is Done!
2022-09-03 17:57:12,222 root            INFO     Time dif: 120.21089315414429
2022-09-03 17:57:12,223 root            INFO     Epsilon: 0.6724548848984366 :: Episode_reward 35.949999999999974
2022-09-03 17:57:12,223 root            INFO     Total acts: 58 Random: 39 %% 0.6724137931034483 Q-Table: 19 %% 0.3275862068965517
2022-09-03 17:57:12,223 root            INFO     Init episode: 30
2022-09-03 17:57:12,387 root            INFO     Se configuró correctamente el modelo
2022-09-03 17:57:13,082 root            INFO     Ping time: 47 :: Move time: 1147
2022-09-03 17:58:23,202 root            INFO     Unknown location error
2022-09-03 17:58:24,202 root            INFO     Time dif: 69.52027750015259
2022-09-03 17:58:24,202 root            INFO     Epsilon: 0.6657303360494523 :: Episode_reward -79966.8
2022-09-03 17:58:24,202 root            INFO     Total acts: 31 Random: 19 %% 0.6129032258064516 Q-Table: 12 %% 0.3870967741935484
2022-09-03 17:58:24,203 root            INFO     Init episode: 31
2022-09-03 17:58:24,368 root            INFO     Se configuró correctamente el modelo
2022-09-03 17:58:25,081 root            INFO     Ping time: 48 :: Move time: 1148
2022-09-03 18:01:42,774 root            INFO     MaxAttemps!
2022-09-03 18:01:42,776 root            INFO     Time dif: 194.85881161689758
2022-09-03 18:01:42,776 root            INFO     Epsilon: 0.6590730326889578 :: Episode_reward 199.29999999999987
2022-09-03 18:01:42,776 root            INFO     Total acts: 101 Random: 70 %% 0.693069306930693 Q-Table: 31 %% 0.3069306930693069
2022-09-03 18:01:42,777 root            INFO     Init episode: 32
2022-09-03 18:01:43,090 root            INFO     Se configuró correctamente el modelo
2022-09-03 18:01:43,779 root            INFO     Ping time: 47 :: Move time: 1147
2022-09-03 18:03:30,339 root            INFO     Is Done!
2022-09-03 18:03:31,332 root            INFO     Time dif: 104.16777777671814
2022-09-03 18:03:31,332 root            INFO     Epsilon: 0.6524823023620682 :: Episode_reward 12.749999999999988
2022-09-03 18:03:31,332 root            INFO     Total acts: 53 Random: 34 %% 0.6415094339622641 Q-Table: 19 %% 0.3584905660377358
2022-09-03 18:03:31,333 root            INFO     Init episode: 33
2022-09-03 18:03:31,489 root            INFO     Se configuró correctamente el modelo
2022-09-03 18:03:32,217 root            INFO     Ping time: 48 :: Move time: 1148
2022-09-03 18:05:12,777 root            INFO     Unknown location error
2022-09-03 18:05:13,791 root            INFO     Time dif: 99.92366623878479
2022-09-03 18:05:13,791 root            INFO     Epsilon: 0.6459574793384475 :: Episode_reward -79973.25
2022-09-03 18:05:13,792 root            INFO     Total acts: 49 Random: 31 %% 0.6326530612244898 Q-Table: 18 %% 0.3673469387755102
2022-09-03 18:05:13,792 root            INFO     Init episode: 34
2022-09-03 18:05:13,971 root            INFO     Se configuró correctamente el modelo
2022-09-03 18:05:14,683 root            INFO     Ping time: 48 :: Move time: 1148
2022-09-03 18:06:13,588 root            INFO     Unknown location error
2022-09-03 18:06:14,608 root            INFO     Time dif: 58.31493902206421
2022-09-03 18:06:14,608 root            INFO     Epsilon: 0.6394979045450631 :: Episode_reward -79992.1
2022-09-03 18:06:14,608 root            INFO     Total acts: 28 Random: 18 %% 0.6428571428571429 Q-Table: 10 %% 0.35714285714285715
2022-09-03 18:06:14,609 root            INFO     Init episode: 35
2022-09-03 18:06:14,747 root            INFO     Se configuró correctamente el modelo
2022-09-03 18:06:15,493 root            INFO     Ping time: 63 :: Move time: 1163
2022-09-03 18:08:54,114 root            INFO     Is Done!
2022-09-03 18:08:55,097 root            INFO     Time dif: 157.37023448944092
2022-09-03 18:08:55,097 root            INFO     Epsilon: 0.6331029254996124 :: Episode_reward 30.049999999999944
2022-09-03 18:08:55,097 root            INFO     Total acts: 81 Random: 52 %% 0.6419753086419753 Q-Table: 29 %% 0.35802469135802467
2022-09-03 18:08:55,097 root            INFO     Init episode: 36
2022-09-03 18:08:55,260 root            INFO     Se configuró correctamente el modelo
2022-09-03 18:08:55,992 root            INFO     Ping time: 46 :: Move time: 1146
2022-09-03 18:11:01,235 root            INFO     Is Done!
2022-09-03 18:11:02,220 root            INFO     Time dif: 122.87621879577637
2022-09-03 18:11:02,220 root            INFO     Epsilon: 0.6267718962446163 :: Episode_reward -42.8
2022-09-03 18:11:02,220 root            INFO     Total acts: 68 Random: 34 %% 0.5 Q-Table: 34 %% 0.5
2022-09-03 18:11:02,221 root            INFO     Init episode: 37
2022-09-03 18:11:02,388 root            INFO     Se configuró correctamente el modelo
2022-09-03 18:11:03,101 root            INFO     Ping time: 63 :: Move time: 1163
2022-09-03 18:13:22,059 root            INFO     Is Done!
2022-09-03 18:13:23,103 root            INFO     Time dif: 136.500173330307
2022-09-03 18:13:23,103 root            INFO     Epsilon: 0.6205041772821701 :: Episode_reward 3.1499999999999844
2022-09-03 18:13:23,103 root            INFO     Total acts: 69 Random: 40 %% 0.5797101449275363 Q-Table: 29 %% 0.42028985507246375
2022-09-03 18:13:23,103 root            INFO     Init episode: 38
2022-09-03 18:13:23,277 root            INFO     Se configuró correctamente el modelo
2022-09-03 18:13:23,972 root            INFO     Ping time: 48 :: Move time: 1148
2022-09-03 18:14:37,640 root            INFO     Unknown location error
2022-09-03 18:14:38,645 root            INFO     Time dif: 73.07360434532166
2022-09-03 18:14:38,645 root            INFO     Epsilon: 0.6142991355093484 :: Episode_reward -79957.8
2022-09-03 18:14:38,645 root            INFO     Total acts: 32 Random: 19 %% 0.59375 Q-Table: 13 %% 0.40625
2022-09-03 18:14:38,646 root            INFO     Init episode: 39
2022-09-03 18:14:38,824 root            INFO     Se configuró correctamente el modelo
2022-09-03 18:14:39,554 root            INFO     Ping time: 48 :: Move time: 1148
2022-09-03 18:16:38,657 root            INFO     Is Done!
2022-09-03 18:16:39,687 root            INFO     Time dif: 116.71627044677734
2022-09-03 18:16:39,687 root            INFO     Epsilon: 0.608156144154255 :: Episode_reward -8.600000000000012
2022-09-03 18:16:39,687 root            INFO     Total acts: 60 Random: 34 %% 0.5666666666666667 Q-Table: 26 %% 0.43333333333333335
2022-09-03 18:16:39,688 root            INFO     Init episode: 40
2022-09-03 18:16:39,859 root            INFO     Se configuró correctamente el modelo
2022-09-03 18:16:40,600 root            INFO     Ping time: 48 :: Move time: 1148
2022-09-03 18:18:41,901 root            INFO     Is Done!
2022-09-03 18:18:42,862 root            INFO     Time dif: 118.92431449890137
2022-09-03 18:18:42,863 root            INFO     Epsilon: 0.6020745827127124 :: Episode_reward -30.200000000000035
2022-09-03 18:18:42,863 root            INFO     Total acts: 64 Random: 41 %% 0.640625 Q-Table: 23 %% 0.359375
2022-09-03 18:18:42,863 root            INFO     Init episode: 41
2022-09-03 18:18:43,036 root            INFO     Se configuró correctamente el modelo
2022-09-03 18:18:43,719 root            INFO     Ping time: 47 :: Move time: 1147
2022-09-03 18:20:05,766 root            INFO     Unknown location error
2022-09-03 18:20:06,862 root            INFO     Time dif: 81.41341280937195
2022-09-03 18:20:06,862 root            INFO     Epsilon: 0.5960538368855853 :: Episode_reward -79966.45
2022-09-03 18:20:06,863 root            INFO     Total acts: 39 Random: 18 %% 0.46153846153846156 Q-Table: 21 %% 0.5384615384615384
2022-09-03 18:20:06,863 root            INFO     Init episode: 42
2022-09-03 18:20:07,002 root            INFO     Se configuró correctamente el modelo
2022-09-03 18:20:07,682 root            INFO     Ping time: 47 :: Move time: 1147
2022-09-03 18:22:31,941 root            INFO     Is Done!
2022-09-03 18:22:32,907 root            INFO     Time dif: 143.0336458683014
2022-09-03 18:22:32,907 root            INFO     Epsilon: 0.5900932985167294 :: Episode_reward 23.849999999999973
2022-09-03 18:22:32,908 root            INFO     Total acts: 74 Random: 40 %% 0.5405405405405406 Q-Table: 34 %% 0.4594594594594595
2022-09-03 18:22:32,908 root            INFO     Init episode: 43
2022-09-03 18:22:33,082 root            INFO     Se configuró correctamente el modelo
2022-09-03 18:22:33,812 root            INFO     Ping time: 63 :: Move time: 1163
2022-09-03 18:24:20,780 root            INFO     Is Done!
2022-09-03 18:24:21,744 root            INFO     Time dif: 104.57141375541687
2022-09-03 18:24:21,744 root            INFO     Epsilon: 0.5841923655315622 :: Episode_reward 69.69999999999999
2022-09-03 18:24:21,744 root            INFO     Total acts: 46 Random: 31 %% 0.6739130434782609 Q-Table: 15 %% 0.32608695652173914
2022-09-03 18:24:21,744 root            INFO     Init episode: 44
2022-09-03 18:24:21,884 root            INFO     Se configuró correctamente el modelo
2022-09-03 18:24:22,598 root            INFO     Ping time: 47 :: Move time: 1147
2022-09-03 18:25:57,405 root            INFO     Is Done!
2022-09-03 18:25:58,419 root            INFO     Time dif: 92.39787197113037
2022-09-03 18:25:58,419 root            INFO     Epsilon: 0.5783504418762465 :: Episode_reward 42.10000000000005
2022-09-03 18:25:58,419 root            INFO     Total acts: 44 Random: 22 %% 0.5 Q-Table: 22 %% 0.5
2022-09-03 18:25:58,419 root            INFO     Init episode: 45
2022-09-03 18:25:58,587 root            INFO     Se configuró correctamente el modelo
2022-09-03 18:25:59,280 root            INFO     Ping time: 45 :: Move time: 1145
2022-09-03 18:27:27,612 root            INFO     Unknown location error
2022-09-03 18:27:28,590 root            INFO     Time dif: 87.74180555343628
2022-09-03 18:27:28,590 root            INFO     Epsilon: 0.572566937457484 :: Episode_reward -79945.1
2022-09-03 18:27:28,590 root            INFO     Total acts: 39 Random: 27 %% 0.6923076923076923 Q-Table: 12 %% 0.3076923076923077
2022-09-03 18:27:28,590 root            INFO     Init episode: 46
2022-09-03 18:27:28,752 root            INFO     Se configuró correctamente el modelo
2022-09-03 18:27:29,449 root            INFO     Ping time: 47 :: Move time: 1147
2022-09-03 18:29:22,687 root            INFO     Unknown location error
2022-09-03 18:29:23,677 root            INFO     Time dif: 112.63751196861267
2022-09-03 18:29:23,677 root            INFO     Epsilon: 0.5668412680829091 :: Episode_reward -80029.15
2022-09-03 18:29:23,677 root            INFO     Total acts: 61 Random: 38 %% 0.6229508196721312 Q-Table: 23 %% 0.3770491803278688
2022-09-03 18:29:23,677 root            INFO     Init episode: 47
2022-09-03 18:29:23,827 root            INFO     Se configuró correctamente el modelo
2022-09-03 18:29:24,575 root            INFO     Ping time: 47 :: Move time: 1147
2022-09-03 18:31:14,087 root            INFO     Unknown location error
2022-09-03 18:31:15,062 root            INFO     Time dif: 108.92455053329468
2022-09-03 18:31:15,062 root            INFO     Epsilon: 0.5611728554020801 :: Episode_reward -79907.45
2022-09-03 18:31:15,062 root            INFO     Total acts: 49 Random: 28 %% 0.5714285714285714 Q-Table: 21 %% 0.42857142857142855
2022-09-03 18:31:15,063 root            INFO     Init episode: 48
2022-09-03 18:31:15,229 root            INFO     Se configuró correctamente el modelo
2022-09-03 18:31:15,933 root            INFO     Ping time: 47 :: Move time: 1147
2022-09-03 18:34:18,132 root            INFO     MaxAttemps!
2022-09-03 18:34:18,134 root            INFO     Time dif: 180.5647177696228
2022-09-03 18:34:18,134 root            INFO     Epsilon: 0.5555611268480593 :: Episode_reward 42.20000000000003
2022-09-03 18:34:18,134 root            INFO     Total acts: 101 Random: 54 %% 0.5346534653465347 Q-Table: 47 %% 0.46534653465346537
2022-09-03 18:34:18,135 root            INFO     Init episode: 49
2022-09-03 18:34:18,292 root            INFO     Se configuró correctamente el modelo
2022-09-03 18:34:19,022 root            INFO     Ping time: 48 :: Move time: 1148
2022-09-03 18:37:32,443 root            INFO     MaxAttemps!
2022-09-03 18:37:32,445 root            INFO     Time dif: 191.83793354034424
2022-09-03 18:37:32,445 root            INFO     Epsilon: 0.5500055155795787 :: Episode_reward 138.65000000000003
2022-09-03 18:37:32,445 root            INFO     Total acts: 101 Random: 56 %% 0.5544554455445545 Q-Table: 45 %% 0.44554455445544555
2022-09-03 18:37:32,445 root            INFO     Init episode: 50
2022-09-03 18:37:32,845 root            INFO     Se configuró correctamente el modelo
2022-09-03 18:37:33,542 root            INFO     Ping time: 47 :: Move time: 1147
2022-09-03 18:39:32,378 root            INFO     Unknown location error
2022-09-03 18:39:33,375 root            INFO     Time dif: 118.19396138191223
2022-09-03 18:39:33,376 root            INFO     Epsilon: 0.5445054604237829 :: Episode_reward -79997.85
2022-09-03 18:39:33,376 root            INFO     Total acts: 61 Random: 34 %% 0.5573770491803278 Q-Table: 27 %% 0.4426229508196721
2022-09-03 18:39:33,376 root            INFO     Init episode: 51
2022-09-03 18:39:33,515 root            INFO     Se configuró correctamente el modelo
2022-09-03 18:39:34,246 root            INFO     Ping time: 64 :: Move time: 1164
2022-09-03 18:42:26,892 root            INFO     MaxAttemps!
2022-09-03 18:42:26,894 root            INFO     Time dif: 171.03332924842834
2022-09-03 18:42:26,894 root            INFO     Epsilon: 0.5390604058195451 :: Episode_reward -57.799999999999926
2022-09-03 18:42:26,894 root            INFO     Total acts: 101 Random: 55 %% 0.5445544554455446 Q-Table: 46 %% 0.45544554455445546
2022-09-03 18:42:26,894 root            INFO     Init episode: 52
2022-09-03 18:42:27,077 root            INFO     Se configuró correctamente el modelo
2022-09-03 18:42:27,792 root            INFO     Ping time: 47 :: Move time: 1147
2022-09-03 18:45:27,301 root            INFO     MaxAttemps!
2022-09-03 18:45:27,303 root            INFO     Time dif: 176.70314741134644
2022-09-03 18:45:27,303 root            INFO     Epsilon: 0.5336698017613496 :: Episode_reward 6.0000000000001
2022-09-03 18:45:27,303 root            INFO     Total acts: 101 Random: 49 %% 0.48514851485148514 Q-Table: 52 %% 0.5148514851485149
2022-09-03 18:45:27,303 root            INFO     Init episode: 53
2022-09-03 18:45:27,465 root            INFO     Se configuró correctamente el modelo
2022-09-03 18:45:28,162 root            INFO     Ping time: 47 :: Move time: 1147
2022-09-03 18:48:42,005 root            INFO     MaxAttemps!
2022-09-03 18:48:42,007 root            INFO     Time dif: 192.2757670879364
2022-09-03 18:48:42,007 root            INFO     Epsilon: 0.5283331037437361 :: Episode_reward 148.4000000000002
2022-09-03 18:48:42,007 root            INFO     Total acts: 101 Random: 61 %% 0.6039603960396039 Q-Table: 40 %% 0.39603960396039606
2022-09-03 18:48:42,008 root            INFO     Init episode: 54
2022-09-03 18:48:42,170 root            INFO     Se configuró correctamente el modelo
2022-09-03 18:48:42,882 root            INFO     Ping time: 47 :: Move time: 1147
2022-09-03 18:50:05,211 root            INFO     Unknown location error
2022-09-03 18:50:06,185 root            INFO     Time dif: 81.73425459861755
2022-09-03 18:50:06,185 root            INFO     Epsilon: 0.5230497727062987 :: Episode_reward -79995.55
2022-09-03 18:50:06,185 root            INFO     Total acts: 41 Random: 23 %% 0.5609756097560976 Q-Table: 18 %% 0.43902439024390244
2022-09-03 18:50:06,185 root            INFO     Init episode: 55
2022-09-03 18:50:06,349 root            INFO     Se configuró correctamente el modelo
2022-09-03 18:50:07,065 root            INFO     Ping time: 48 :: Move time: 1148
2022-09-03 18:52:22,434 root            INFO     Unknown location error
2022-09-03 18:52:23,408 root            INFO     Time dif: 134.77179336547852
2022-09-03 18:52:23,408 root            INFO     Epsilon: 0.5178192749792357 :: Episode_reward -80108.25
2022-09-03 18:52:23,408 root            INFO     Total acts: 83 Random: 47 %% 0.5662650602409639 Q-Table: 36 %% 0.43373493975903615
2022-09-03 18:52:23,409 root            INFO     Init episode: 56
2022-09-03 18:52:23,577 root            INFO     Se configuró correctamente el modelo
2022-09-03 18:52:24,290 root            INFO     Ping time: 47 :: Move time: 1147
2022-09-03 18:54:28,035 root            INFO     Unknown location error
2022-09-03 18:54:29,011 root            INFO     Time dif: 123.15818738937378
2022-09-03 18:54:29,011 root            INFO     Epsilon: 0.5126410822294434 :: Episode_reward -79968.05
2022-09-03 18:54:29,012 root            INFO     Total acts: 66 Random: 37 %% 0.5606060606060606 Q-Table: 29 %% 0.4393939393939394
2022-09-03 18:54:29,012 root            INFO     Init episode: 57
2022-09-03 18:54:29,194 root            INFO     Se configuró correctamente el modelo
2022-09-03 18:54:29,906 root            INFO     Ping time: 48 :: Move time: 1148
2022-09-03 18:57:15,220 root            INFO     MaxAttemps!
2022-09-03 18:57:15,222 root            INFO     Time dif: 163.6892101764679
2022-09-03 18:57:15,222 root            INFO     Epsilon: 0.5075146714071489 :: Episode_reward -108.54999999999993
2022-09-03 18:57:15,222 root            INFO     Total acts: 101 Random: 46 %% 0.45544554455445546 Q-Table: 55 %% 0.5445544554455446
2022-09-03 18:57:15,222 root            INFO     Init episode: 58
2022-09-03 18:57:15,357 root            INFO     Se configuró correctamente el modelo
2022-09-03 18:57:16,038 root            INFO     Ping time: 48 :: Move time: 1148
2022-09-03 18:58:50,895 root            INFO     Unknown location error
2022-09-03 18:58:51,854 root            INFO     Time dif: 94.21995091438293
2022-09-03 18:58:51,854 root            INFO     Epsilon: 0.5024395246930774 :: Episode_reward -80025.3
2022-09-03 18:58:51,854 root            INFO     Total acts: 51 Random: 26 %% 0.5098039215686274 Q-Table: 25 %% 0.49019607843137253
2022-09-03 18:58:51,854 root            INFO     Init episode: 59
2022-09-03 18:58:52,027 root            INFO     Se configuró correctamente el modelo
2022-09-03 18:58:52,739 root            INFO     Ping time: 47 :: Move time: 1147
2022-09-03 19:02:22,840 root            INFO     MaxAttemps!
2022-09-03 19:02:22,842 root            INFO     Time dif: 208.5063831806183
2022-09-03 19:02:22,842 root            INFO     Epsilon: 0.49741512944614663 :: Episode_reward 316.5999999999996
2022-09-03 19:02:22,842 root            INFO     Total acts: 101 Random: 54 %% 0.5346534653465347 Q-Table: 47 %% 0.46534653465346537
2022-09-03 19:02:22,843 root            INFO     Init episode: 60
2022-09-03 19:02:23,014 root            INFO     Se configuró correctamente el modelo
2022-09-03 19:02:23,713 root            INFO     Ping time: 47 :: Move time: 1147
2022-09-03 19:05:09,275 root            INFO     MaxAttemps!
2022-09-03 19:05:09,277 root            INFO     Time dif: 163.923645734787
2022-09-03 19:05:09,277 root            INFO     Epsilon: 0.49244097815168514 :: Episode_reward -129.34999999999982
2022-09-03 19:05:09,277 root            INFO     Total acts: 101 Random: 47 %% 0.46534653465346537 Q-Table: 54 %% 0.5346534653465347
2022-09-03 19:05:09,277 root            INFO     Init episode: 61
2022-09-03 19:05:09,446 root            INFO     Se configuró correctamente el modelo
2022-09-03 19:05:10,179 root            INFO     Ping time: 64 :: Move time: 1164
2022-09-03 19:08:07,274 root            INFO     MaxAttemps!
2022-09-03 19:08:07,276 root            INFO     Time dif: 175.49057126045227
2022-09-03 19:08:07,276 root            INFO     Epsilon: 0.48751656837016827 :: Episode_reward -12.850000000000016
2022-09-03 19:08:07,276 root            INFO     Total acts: 101 Random: 54 %% 0.5346534653465347 Q-Table: 47 %% 0.46534653465346537
2022-09-03 19:08:07,277 root            INFO     Init episode: 62
2022-09-03 19:08:07,431 root            INFO     Se configuró correctamente el modelo
2022-09-03 19:08:08,153 root            INFO     Ping time: 47 :: Move time: 1147
2022-09-03 19:10:59,686 root            INFO     MaxAttemps!
2022-09-03 19:10:59,688 root            INFO     Time dif: 169.93619966506958
2022-09-03 19:10:59,688 root            INFO     Epsilon: 0.4826414026864666 :: Episode_reward -103.84999999999984
2022-09-03 19:10:59,688 root            INFO     Total acts: 101 Random: 49 %% 0.48514851485148514 Q-Table: 52 %% 0.5148514851485149
2022-09-03 19:10:59,688 root            INFO     Init episode: 63
2022-09-03 19:10:59,846 root            INFO     Se configuró correctamente el modelo
2022-09-03 19:11:00,547 root            INFO     Ping time: 48 :: Move time: 1148
2022-09-03 19:12:34,333 root            INFO     Unknown location error
2022-09-03 19:12:35,333 root            INFO     Time dif: 93.14163637161255
2022-09-03 19:12:35,333 root            INFO     Epsilon: 0.4778149886596019 :: Episode_reward -79972.6
2022-09-03 19:12:35,333 root            INFO     Total acts: 48 Random: 22 %% 0.4583333333333333 Q-Table: 26 %% 0.5416666666666666
2022-09-03 19:12:35,334 root            INFO     Init episode: 64
2022-09-03 19:12:35,489 root            INFO     Se configuró correctamente el modelo
2022-09-03 19:12:36,186 root            INFO     Ping time: 48 :: Move time: 1148
2022-09-03 19:15:56,107 root            INFO     MaxAttemps!
2022-09-03 19:15:56,109 root            INFO     Time dif: 197.1641321182251
2022-09-03 19:15:56,109 root            INFO     Epsilon: 0.4730368387730059 :: Episode_reward 161.7499999999997
2022-09-03 19:15:56,109 root            INFO     Total acts: 101 Random: 49 %% 0.48514851485148514 Q-Table: 52 %% 0.5148514851485149
2022-09-03 19:15:56,109 root            INFO     Init episode: 65
2022-09-03 19:15:56,277 root            INFO     Se configuró correctamente el modelo
2022-09-03 19:15:56,966 root            INFO     Ping time: 45 :: Move time: 1145
2022-09-03 19:18:50,842 root            INFO     MaxAttemps!
2022-09-03 19:18:50,844 root            INFO     Time dif: 171.1006269454956
2022-09-03 19:18:50,844 root            INFO     Epsilon: 0.46830647038527584 :: Episode_reward -47.549999999999926
2022-09-03 19:18:50,844 root            INFO     Total acts: 101 Random: 50 %% 0.49504950495049505 Q-Table: 51 %% 0.504950495049505
2022-09-03 19:18:50,845 root            INFO     Init episode: 66
2022-09-03 19:18:50,990 root            INFO     Se configuró correctamente el modelo
2022-09-03 19:18:51,739 root            INFO     Ping time: 47 :: Move time: 1147
2022-09-03 19:20:53,413 root            INFO     Unknown location error
2022-09-03 19:20:54,414 root            INFO     Time dif: 121.0322151184082
2022-09-03 19:20:54,415 root            INFO     Epsilon: 0.4636234056814231 :: Episode_reward -80014.3
2022-09-03 19:20:54,415 root            INFO     Total acts: 67 Random: 34 %% 0.5074626865671642 Q-Table: 33 %% 0.4925373134328358
2022-09-03 19:20:54,415 root            INFO     Init episode: 67
2022-09-03 19:20:54,581 root            INFO     Se configuró correctamente el modelo
2022-09-03 19:20:55,280 root            INFO     Ping time: 47 :: Move time: 1147
2022-09-03 19:23:59,169 root            INFO     MaxAttemps!
2022-09-03 19:23:59,171 root            INFO     Time dif: 182.28827500343323
2022-09-03 19:23:59,171 root            INFO     Epsilon: 0.45898717162460884 :: Episode_reward 41.30000000000001
2022-09-03 19:23:59,171 root            INFO     Total acts: 101 Random: 49 %% 0.48514851485148514 Q-Table: 52 %% 0.5148514851485149
2022-09-03 19:23:59,171 root            INFO     Init episode: 68
2022-09-03 19:23:59,341 root            INFO     Se configuró correctamente el modelo
2022-09-03 19:24:00,043 root            INFO     Ping time: 48 :: Move time: 1148
2022-09-03 19:26:59,868 root            INFO     MaxAttemps!
2022-09-03 19:26:59,871 root            INFO     Time dif: 177.11272835731506
2022-09-03 19:26:59,871 root            INFO     Epsilon: 0.45439729990836275 :: Episode_reward -2.3999999999999453
2022-09-03 19:26:59,871 root            INFO     Total acts: 101 Random: 55 %% 0.5445544554455446 Q-Table: 46 %% 0.45544554455445546
2022-09-03 19:26:59,871 root            INFO     Init episode: 69
2022-09-03 19:27:00,031 root            INFO     Se configuró correctamente el modelo
2022-09-03 19:27:00,715 root            INFO     Ping time: 48 :: Move time: 1148
2022-09-03 19:28:14,806 root            INFO     Unknown location error
2022-09-03 19:28:15,805 root            INFO     Time dif: 73.49786853790283
2022-09-03 19:28:15,805 root            INFO     Epsilon: 0.4498533269092791 :: Episode_reward -79961.8
2022-09-03 19:28:15,805 root            INFO     Total acts: 33 Random: 12 %% 0.36363636363636365 Q-Table: 21 %% 0.6363636363636364
2022-09-03 19:28:15,805 root            INFO     Init episode: 70
2022-09-03 19:28:15,969 root            INFO     Se configuró correctamente el modelo
2022-09-03 19:28:16,668 root            INFO     Ping time: 47 :: Move time: 1147
2022-09-03 19:29:45,531 root            INFO     Unknown location error
2022-09-03 19:29:46,511 root            INFO     Time dif: 88.22805762290955
2022-09-03 19:29:46,511 root            INFO     Epsilon: 0.4453547936401863 :: Episode_reward -79943.95
2022-09-03 19:29:46,512 root            INFO     Total acts: 39 Random: 19 %% 0.48717948717948717 Q-Table: 20 %% 0.5128205128205128
2022-09-03 19:29:46,512 root            INFO     Init episode: 71
2022-09-03 19:29:46,688 root            INFO     Se configuró correctamente el modelo
2022-09-03 19:29:47,373 root            INFO     Ping time: 46 :: Move time: 1146
2022-09-03 19:32:17,197 root            INFO     Unknown location error
2022-09-03 19:32:18,164 root            INFO     Time dif: 149.1910343170166
2022-09-03 19:32:18,165 root            INFO     Epsilon: 0.4409012457037845 :: Episode_reward -80010.0
2022-09-03 19:32:18,165 root            INFO     Total acts: 81 Random: 41 %% 0.5061728395061729 Q-Table: 40 %% 0.49382716049382713
2022-09-03 19:32:18,165 root            INFO     Init episode: 72
2022-09-03 19:32:18,341 root            INFO     Se configuró correctamente el modelo
2022-09-03 19:32:19,056 root            INFO     Ping time: 48 :: Move time: 1148
2022-09-03 19:35:27,962 root            INFO     MaxAttemps!
2022-09-03 19:35:27,964 root            INFO     Time dif: 187.2983636856079
2022-09-03 19:35:27,964 root            INFO     Epsilon: 0.43649223324674663 :: Episode_reward 51.250000000000014
2022-09-03 19:35:27,964 root            INFO     Total acts: 101 Random: 41 %% 0.40594059405940597 Q-Table: 60 %% 0.594059405940594
2022-09-03 19:35:27,964 root            INFO     Init episode: 73
2022-09-03 19:35:28,137 root            INFO     Se configuró correctamente el modelo
2022-09-03 19:35:28,837 root            INFO     Ping time: 48 :: Move time: 1148
2022-09-03 19:38:25,502 root            INFO     MaxAttemps!
2022-09-03 19:38:25,504 root            INFO     Time dif: 173.88243293762207
2022-09-03 19:38:25,504 root            INFO     Epsilon: 0.43212731091427914 :: Episode_reward -26.69999999999985
2022-09-03 19:38:25,504 root            INFO     Total acts: 101 Random: 37 %% 0.36633663366336633 Q-Table: 64 %% 0.6336633663366337
2022-09-03 19:38:25,505 root            INFO     Init episode: 74
2022-09-03 19:38:25,663 root            INFO     Se configuró correctamente el modelo
2022-09-03 19:38:26,374 root            INFO     Ping time: 47 :: Move time: 1147
2022-09-03 19:41:28,995 root            INFO     MaxAttemps!
2022-09-03 19:41:28,997 root            INFO     Time dif: 181.05032873153687
2022-09-03 19:41:28,997 root            INFO     Epsilon: 0.4278060378051363 :: Episode_reward -13.85000000000002
2022-09-03 19:41:28,997 root            INFO     Total acts: 101 Random: 45 %% 0.44554455445544555 Q-Table: 56 %% 0.5544554455445545
2022-09-03 19:41:28,998 root            INFO     Init episode: 75
2022-09-03 19:41:29,163 root            INFO     Se configuró correctamente el modelo
2022-09-03 19:41:29,902 root            INFO     Ping time: 47 :: Move time: 1147
2022-09-03 19:44:18,843 root            INFO     Unknown location error
2022-09-03 19:44:19,845 root            INFO     Time dif: 168.30302047729492
2022-09-03 19:44:19,845 root            INFO     Epsilon: 0.423527977427085 :: Episode_reward -80022.6
2022-09-03 19:44:19,845 root            INFO     Total acts: 93 Random: 36 %% 0.3870967741935484 Q-Table: 57 %% 0.6129032258064516
2022-09-03 19:44:19,846 root            INFO     Init episode: 76
2022-09-03 19:44:19,992 root            INFO     Se configuró correctamente el modelo
2022-09-03 19:44:20,704 root            INFO     Ping time: 48 :: Move time: 1148
2022-09-03 19:47:46,034 root            INFO     MaxAttemps!
2022-09-03 19:47:46,036 root            INFO     Time dif: 202.58547377586365
2022-09-03 19:47:46,036 root            INFO     Epsilon: 0.41929269765281413 :: Episode_reward 207.94999999999945
2022-09-03 19:47:46,036 root            INFO     Total acts: 101 Random: 43 %% 0.42574257425742573 Q-Table: 58 %% 0.5742574257425742
2022-09-03 19:47:46,037 root            INFO     Init episode: 77
2022-09-03 19:47:46,209 root            INFO     Se configuró correctamente el modelo
2022-09-03 19:47:46,918 root            INFO     Ping time: 46 :: Move time: 1146
2022-09-03 19:49:56,965 root            INFO     Unknown location error
2022-09-03 19:49:57,961 root            INFO     Time dif: 129.4172818660736
2022-09-03 19:49:57,961 root            INFO     Epsilon: 0.415099770676286 :: Episode_reward -79981.85
2022-09-03 19:49:57,961 root            INFO     Total acts: 67 Random: 30 %% 0.44776119402985076 Q-Table: 37 %% 0.5522388059701493
2022-09-03 19:49:57,961 root            INFO     Init episode: 78
2022-09-03 19:49:58,131 root            INFO     Se configuró correctamente el modelo
2022-09-03 19:49:58,830 root            INFO     Ping time: 49 :: Move time: 1149
2022-09-03 19:51:40,738 root            INFO     Unknown location error
2022-09-03 19:51:41,744 root            INFO     Time dif: 101.26933121681213
2022-09-03 19:51:41,744 root            INFO     Epsilon: 0.41094877296952315 :: Episode_reward -80040.3
2022-09-03 19:51:41,744 root            INFO     Total acts: 56 Random: 19 %% 0.3392857142857143 Q-Table: 37 %% 0.6607142857142857
2022-09-03 19:51:41,745 root            INFO     Init episode: 79
2022-09-03 19:51:41,896 root            INFO     Se configuró correctamente el modelo
2022-09-03 19:51:42,620 root            INFO     Ping time: 63 :: Move time: 1163
2022-09-03 19:53:03,162 root            INFO     Unknown location error
2022-09-03 19:53:04,147 root            INFO     Time dif: 79.95038080215454
2022-09-03 19:53:04,147 root            INFO     Epsilon: 0.40683928523982793 :: Episode_reward -79991.7
2022-09-03 19:53:04,147 root            INFO     Total acts: 39 Random: 13 %% 0.3333333333333333 Q-Table: 26 %% 0.6666666666666666
2022-09-03 19:53:04,147 root            INFO     Init episode: 80
2022-09-03 19:53:04,316 root            INFO     Se configuró correctamente el modelo
2022-09-03 19:53:05,014 root            INFO     Ping time: 47 :: Move time: 1147
2022-09-03 19:54:38,672 root            INFO     Unknown location error
2022-09-03 19:54:39,797 root            INFO     Time dif: 93.06421732902527
2022-09-03 19:54:39,798 root            INFO     Epsilon: 0.40277089238742964 :: Episode_reward -79944.0
2022-09-03 19:54:39,798 root            INFO     Total acts: 42 Random: 23 %% 0.5476190476190477 Q-Table: 19 %% 0.4523809523809524
2022-09-03 19:54:39,798 root            INFO     Init episode: 81
2022-09-03 19:54:39,985 root            INFO     Se configuró correctamente el modelo
2022-09-03 19:54:40,684 root            INFO     Ping time: 48 :: Move time: 1148
2022-09-03 19:56:08,998 root            INFO     Unknown location error
2022-09-03 19:56:09,983 root            INFO     Time dif: 87.6715943813324
2022-09-03 19:56:09,983 root            INFO     Epsilon: 0.39874318346355536 :: Episode_reward -79926.9
2022-09-03 19:56:09,983 root            INFO     Total acts: 40 Random: 16 %% 0.4 Q-Table: 24 %% 0.6
2022-09-03 19:56:09,984 root            INFO     Init episode: 82
2022-09-03 19:56:10,166 root            INFO     Se configuró correctamente el modelo
2022-09-03 19:56:10,881 root            INFO     Ping time: 48 :: Move time: 1148
2022-09-03 19:57:58,570 root            INFO     Unknown location error
2022-09-03 19:57:59,547 root            INFO     Time dif: 107.05268287658691
2022-09-03 19:57:59,547 root            INFO     Epsilon: 0.3947557516289198 :: Episode_reward -80031.9
2022-09-03 19:57:59,547 root            INFO     Total acts: 57 Random: 26 %% 0.45614035087719296 Q-Table: 31 %% 0.543859649122807
2022-09-03 19:57:59,547 root            INFO     Init episode: 83
2022-09-03 19:57:59,713 root            INFO     Se configuró correctamente el modelo
2022-09-03 19:58:00,395 root            INFO     Ping time: 48 :: Move time: 1148
2022-09-03 19:59:49,156 root            INFO     Unknown location error
2022-09-03 19:59:50,135 root            INFO     Time dif: 108.11648964881897
2022-09-03 19:59:50,135 root            INFO     Epsilon: 0.39080819411263057 :: Episode_reward -79988.0
2022-09-03 19:59:50,135 root            INFO     Total acts: 57 Random: 23 %% 0.40350877192982454 Q-Table: 34 %% 0.5964912280701754
2022-09-03 19:59:50,136 root            INFO     Init episode: 84
2022-09-03 19:59:50,322 root            INFO     Se configuró correctamente el modelo
2022-09-03 19:59:51,054 root            INFO     Ping time: 64 :: Move time: 1164
2022-09-03 20:02:35,981 root            INFO     MaxAttemps!
2022-09-03 20:02:35,983 root            INFO     Time dif: 163.3350055217743
2022-09-03 20:02:35,983 root            INFO     Epsilon: 0.3869001121715043 :: Episode_reward -133.5499999999999
2022-09-03 20:02:35,983 root            INFO     Total acts: 101 Random: 40 %% 0.39603960396039606 Q-Table: 61 %% 0.6039603960396039
2022-09-03 20:02:35,984 root            INFO     Init episode: 85
2022-09-03 20:02:36,145 root            INFO     Se configuró correctamente el modelo
2022-09-03 20:02:36,845 root            INFO     Ping time: 48 :: Move time: 1148
2022-09-03 20:05:25,706 root            INFO     MaxAttemps!
2022-09-03 20:05:25,709 root            INFO     Time dif: 167.2313094139099
2022-09-03 20:05:25,709 root            INFO     Epsilon: 0.3830311110497892 :: Episode_reward -103.89999999999989
2022-09-03 20:05:25,709 root            INFO     Total acts: 101 Random: 40 %% 0.39603960396039606 Q-Table: 61 %% 0.6039603960396039
2022-09-03 20:05:25,709 root            INFO     Init episode: 86
2022-09-03 20:05:26,076 root            INFO     Se configuró correctamente el modelo
2022-09-03 20:05:26,780 root            INFO     Ping time: 46 :: Move time: 1146
2022-09-03 20:08:17,636 root            INFO     MaxAttemps!
2022-09-03 20:08:17,638 root            INFO     Time dif: 169.23217511177063
2022-09-03 20:08:17,638 root            INFO     Epsilon: 0.3792007999392913 :: Episode_reward -78.99999999999986
2022-09-03 20:08:17,638 root            INFO     Total acts: 101 Random: 40 %% 0.39603960396039606 Q-Table: 61 %% 0.6039603960396039
2022-09-03 20:08:17,638 root            INFO     Init episode: 87
2022-09-03 20:08:17,779 root            INFO     Se configuró correctamente el modelo
2022-09-03 20:08:18,465 root            INFO     Ping time: 48 :: Move time: 1148
2022-09-03 20:11:05,528 root            INFO     Is Done!
2022-09-03 20:11:06,529 root            INFO     Time dif: 164.6429853439331
2022-09-03 20:11:06,529 root            INFO     Epsilon: 0.37540879193989835 :: Episode_reward -22.95000000000002
2022-09-03 20:11:06,529 root            INFO     Total acts: 87 Random: 35 %% 0.40229885057471265 Q-Table: 52 %% 0.5977011494252874
2022-09-03 20:11:06,530 root            INFO     Init episode: 88
2022-09-03 20:11:06,681 root            INFO     Se configuró correctamente el modelo
2022-09-03 20:11:07,406 root            INFO     Ping time: 48 :: Move time: 1148
2022-09-03 20:13:35,657 root            INFO     Unknown location error
2022-09-03 20:13:36,644 root            INFO     Time dif: 147.61252355575562
2022-09-03 20:13:36,644 root            INFO     Epsilon: 0.3716547040204994 :: Episode_reward -80075.8
2022-09-03 20:13:36,645 root            INFO     Total acts: 84 Random: 31 %% 0.36904761904761907 Q-Table: 53 %% 0.6309523809523809
2022-09-03 20:13:36,645 root            INFO     Init episode: 89
2022-09-03 20:13:36,842 root            INFO     Se configuró correctamente el modelo
2022-09-03 20:13:37,559 root            INFO     Ping time: 48 :: Move time: 1148
2022-09-03 20:15:42,437 root            INFO     Is Done!
2022-09-03 20:15:43,413 root            INFO     Time dif: 122.48710799217224
2022-09-03 20:15:43,413 root            INFO     Epsilon: 0.36793815698029436 :: Episode_reward 19.399999999999984
2022-09-03 20:15:43,413 root            INFO     Total acts: 58 Random: 29 %% 0.5 Q-Table: 29 %% 0.5
2022-09-03 20:15:43,413 root            INFO     Init episode: 90
2022-09-03 20:15:43,575 root            INFO     Se configuró correctamente el modelo
2022-09-03 20:15:44,282 root            INFO     Ping time: 48 :: Move time: 1148
2022-09-03 20:18:33,611 root            INFO     MaxAttemps!
2022-09-03 20:18:33,613 root            INFO     Time dif: 166.5813820362091
2022-09-03 20:18:33,613 root            INFO     Epsilon: 0.3642587754104914 :: Episode_reward -134.74999999999994
2022-09-03 20:18:33,613 root            INFO     Total acts: 101 Random: 33 %% 0.32673267326732675 Q-Table: 68 %% 0.6732673267326733
2022-09-03 20:18:33,613 root            INFO     Init episode: 91
2022-09-03 20:18:33,757 root            INFO     Se configuró correctamente el modelo
2022-09-03 20:18:34,466 root            INFO     Ping time: 62 :: Move time: 1162
2022-09-03 20:21:27,775 root            INFO     MaxAttemps!
2022-09-03 20:21:27,777 root            INFO     Time dif: 171.69600415229797
2022-09-03 20:21:27,777 root            INFO     Epsilon: 0.3606161876563865 :: Episode_reward -62.34999999999984
2022-09-03 20:21:27,777 root            INFO     Total acts: 101 Random: 40 %% 0.39603960396039606 Q-Table: 61 %% 0.6039603960396039
2022-09-03 20:21:27,778 root            INFO     Init episode: 92
2022-09-03 20:21:27,921 root            INFO     Se configuró correctamente el modelo
2022-09-03 20:21:28,635 root            INFO     Ping time: 48 :: Move time: 1148
2022-09-03 20:22:59,312 root            INFO     Unknown location error
2022-09-03 20:23:00,297 root            INFO     Time dif: 90.08209776878357
2022-09-03 20:23:00,297 root            INFO     Epsilon: 0.3570100257798226 :: Episode_reward -80013.65
2022-09-03 20:23:00,297 root            INFO     Total acts: 47 Random: 20 %% 0.425531914893617 Q-Table: 27 %% 0.574468085106383
2022-09-03 20:23:00,298 root            INFO     Init episode: 93
2022-09-03 20:23:00,478 root            INFO     Se configuró correctamente el modelo
2022-09-03 20:23:01,178 root            INFO     Ping time: 46 :: Move time: 1146
2022-09-03 20:26:18,400 root            INFO     MaxAttemps!
2022-09-03 20:26:18,402 root            INFO     Time dif: 195.6111602783203
2022-09-03 20:26:18,402 root            INFO     Epsilon: 0.35343992552202436 :: Episode_reward 194.0499999999998
2022-09-03 20:26:18,402 root            INFO     Total acts: 101 Random: 36 %% 0.3564356435643564 Q-Table: 65 %% 0.6435643564356436
2022-09-03 20:26:18,402 root            INFO     Init episode: 94
2022-09-03 20:26:18,586 root            INFO     Se configuró correctamente el modelo
2022-09-03 20:26:19,298 root            INFO     Ping time: 64 :: Move time: 1164
2022-09-03 20:28:15,158 root            INFO     Unknown location error
2022-09-03 20:28:16,138 root            INFO     Time dif: 115.2218074798584
2022-09-03 20:28:16,138 root            INFO     Epsilon: 0.3499055262668041 :: Episode_reward -80030.15
2022-09-03 20:28:16,138 root            INFO     Total acts: 62 Random: 20 %% 0.3225806451612903 Q-Table: 42 %% 0.6774193548387096
2022-09-03 20:28:16,138 root            INFO     Init episode: 95
2022-09-03 20:28:16,313 root            INFO     Se configuró correctamente el modelo
2022-09-03 20:28:17,047 root            INFO     Ping time: 48 :: Move time: 1148
2022-09-03 20:31:06,094 root            INFO     MaxAttemps!
2022-09-03 20:31:06,096 root            INFO     Time dif: 166.28431510925293
2022-09-03 20:31:06,096 root            INFO     Epsilon: 0.3464064710041361 :: Episode_reward -78.6999999999999
2022-09-03 20:31:06,096 root            INFO     Total acts: 101 Random: 42 %% 0.4158415841584158 Q-Table: 59 %% 0.5841584158415841
2022-09-03 20:31:06,097 root            INFO     Init episode: 96
2022-09-03 20:31:06,241 root            INFO     Se configuró correctamente el modelo
2022-09-03 20:31:06,954 root            INFO     Ping time: 48 :: Move time: 1148
2022-09-03 20:33:59,685 root            INFO     MaxAttemps!
2022-09-03 20:33:59,687 root            INFO     Time dif: 171.12729454040527
2022-09-03 20:33:59,687 root            INFO     Epsilon: 0.3429424062940947 :: Episode_reward -68.94999999999997
2022-09-03 20:33:59,687 root            INFO     Total acts: 101 Random: 32 %% 0.31683168316831684 Q-Table: 69 %% 0.6831683168316832
2022-09-03 20:33:59,688 root            INFO     Init episode: 97
2022-09-03 20:33:59,846 root            INFO     Se configuró correctamente el modelo
2022-09-03 20:34:00,545 root            INFO     Ping time: 47 :: Move time: 1147
2022-09-03 20:36:57,561 root            INFO     MaxAttemps!
2022-09-03 20:36:57,562 root            INFO     Time dif: 175.38131713867188
2022-09-03 20:36:57,563 root            INFO     Epsilon: 0.3395129822311538 :: Episode_reward -69.54999999999984
2022-09-03 20:36:57,563 root            INFO     Total acts: 101 Random: 33 %% 0.32673267326732675 Q-Table: 68 %% 0.6732673267326733
2022-09-03 20:36:57,563 root            INFO     Init episode: 98
2022-09-03 20:36:57,741 root            INFO     Se configuró correctamente el modelo
2022-09-03 20:36:58,420 root            INFO     Ping time: 47 :: Move time: 1147
2022-09-03 20:39:45,039 root            INFO     MaxAttemps!
2022-09-03 20:39:45,041 root            INFO     Time dif: 163.8015797138214
2022-09-03 20:39:45,041 root            INFO     Epsilon: 0.33611785240884223 :: Episode_reward -122.14999999999993
2022-09-03 20:39:45,041 root            INFO     Total acts: 101 Random: 42 %% 0.4158415841584158 Q-Table: 59 %% 0.5841584158415841
2022-09-03 20:39:45,042 root            INFO     Init episode: 99
2022-09-03 20:39:45,223 root            INFO     Se configuró correctamente el modelo
2022-09-03 20:39:45,933 root            INFO     Ping time: 63 :: Move time: 1163
2022-09-03 20:42:50,894 root            INFO     MaxAttemps!
2022-09-03 20:42:50,896 root            INFO     Time dif: 183.350900888443
2022-09-03 20:42:50,896 root            INFO     Epsilon: 0.33275667388475383 :: Episode_reward -1.849999999999942
2022-09-03 20:42:50,896 root            INFO     Total acts: 101 Random: 27 %% 0.26732673267326734 Q-Table: 74 %% 0.7326732673267327
2022-09-03 20:42:50,897 root            INFO     Init episode: 100
2022-09-03 20:42:51,074 root            INFO     Se configuró correctamente el modelo
2022-09-03 20:42:51,788 root            INFO     Ping time: 47 :: Move time: 1147
2022-09-03 20:45:44,585 root            INFO     MaxAttemps!
2022-09-03 20:45:44,587 root            INFO     Time dif: 171.19265866279602
2022-09-03 20:45:44,588 root            INFO     Epsilon: 0.3294291071459063 :: Episode_reward -111.6999999999999
2022-09-03 20:45:44,588 root            INFO     Total acts: 101 Random: 33 %% 0.32673267326732675 Q-Table: 68 %% 0.6732673267326733
2022-09-03 20:45:44,588 root            INFO     Init episode: 101
2022-09-03 20:45:44,765 root            INFO     Se configuró correctamente el modelo
2022-09-03 20:45:45,512 root            INFO     Ping time: 62 :: Move time: 1162
2022-09-03 20:48:28,459 root            INFO     MaxAttemps!
2022-09-03 20:48:28,461 root            INFO     Time dif: 161.29052424430847
2022-09-03 20:48:28,461 root            INFO     Epsilon: 0.3261348160744472 :: Episode_reward -172.95000000000027
2022-09-03 20:48:28,461 root            INFO     Total acts: 101 Random: 30 %% 0.297029702970297 Q-Table: 71 %% 0.7029702970297029
2022-09-03 20:48:28,461 root            INFO     Init episode: 102
2022-09-03 20:48:28,636 root            INFO     Se configuró correctamente el modelo
2022-09-03 20:48:29,367 root            INFO     Ping time: 62 :: Move time: 1162
2022-09-03 20:51:04,619 root            INFO     MaxAttemps!
2022-09-03 20:51:04,621 root            INFO     Time dif: 153.68018078804016
2022-09-03 20:51:04,621 root            INFO     Epsilon: 0.32287346791370275 :: Episode_reward -211.5499999999999
2022-09-03 20:51:04,621 root            INFO     Total acts: 101 Random: 30 %% 0.297029702970297 Q-Table: 71 %% 0.7029702970297029
2022-09-03 20:51:04,621 root            INFO     Init episode: 103
2022-09-03 20:51:04,777 root            INFO     Se configuró correctamente el modelo
2022-09-03 20:51:05,476 root            INFO     Ping time: 48 :: Move time: 1148
2022-09-03 20:53:22,131 root            INFO     Unknown location error
2022-09-03 20:53:23,114 root            INFO     Time dif: 136.0299346446991
2022-09-03 20:53:23,114 root            INFO     Epsilon: 0.3196447332345657 :: Episode_reward -80096.55
2022-09-03 20:53:23,114 root            INFO     Total acts: 79 Random: 16 %% 0.20253164556962025 Q-Table: 63 %% 0.7974683544303798
2022-09-03 20:53:23,114 root            INFO     Init episode: 104
2022-09-03 20:53:23,281 root            INFO     Se configuró correctamente el modelo
2022-09-03 20:53:23,959 root            INFO     Ping time: 47 :: Move time: 1147
2022-09-03 20:55:18,124 root            INFO     Unknown location error
2022-09-03 20:55:19,121 root            INFO     Time dif: 113.57829189300537
2022-09-03 20:55:19,121 root            INFO     Epsilon: 0.3164482859022201 :: Episode_reward -79969.85
2022-09-03 20:55:19,122 root            INFO     Total acts: 59 Random: 22 %% 0.3728813559322034 Q-Table: 37 %% 0.6271186440677966
2022-09-03 20:55:19,122 root            INFO     Init episode: 105
2022-09-03 20:55:19,294 root            INFO     Se configuró correctamente el modelo
2022-09-03 20:55:19,990 root            INFO     Ping time: 47 :: Move time: 1147
2022-09-03 20:57:20,997 root            INFO     Unknown location error
2022-09-03 20:57:22,003 root            INFO     Time dif: 120.37869572639465
2022-09-03 20:57:22,003 root            INFO     Epsilon: 0.31328380304319786 :: Episode_reward -80013.25
2022-09-03 20:57:22,003 root            INFO     Total acts: 66 Random: 17 %% 0.25757575757575757 Q-Table: 49 %% 0.7424242424242424
2022-09-03 20:57:22,003 root            INFO     Init episode: 106
2022-09-03 20:57:22,174 root            INFO     Se configuró correctamente el modelo
2022-09-03 20:57:22,886 root            INFO     Ping time: 48 :: Move time: 1148
2022-09-03 20:59:03,601 root            INFO     Unknown location error
2022-09-03 20:59:04,607 root            INFO     Time dif: 100.08106470108032
2022-09-03 20:59:04,608 root            INFO     Epsilon: 0.3101509650127659 :: Episode_reward -79956.25
2022-09-03 20:59:04,608 root            INFO     Total acts: 47 Random: 10 %% 0.2127659574468085 Q-Table: 37 %% 0.7872340425531915
2022-09-03 20:59:04,608 root            INFO     Init episode: 107
2022-09-03 20:59:04,782 root            INFO     Se configuró correctamente el modelo
2022-09-03 20:59:05,480 root            INFO     Ping time: 47 :: Move time: 1147
2022-09-03 21:01:48,527 root            INFO     MaxAttemps!
2022-09-03 21:01:48,528 root            INFO     Time dif: 160.2432656288147
2022-09-03 21:01:48,529 root            INFO     Epsilon: 0.3070494553626382 :: Episode_reward -178.44999999999985
2022-09-03 21:01:48,529 root            INFO     Total acts: 101 Random: 21 %% 0.2079207920792079 Q-Table: 80 %% 0.7920792079207921
2022-09-03 21:01:48,529 root            INFO     Init episode: 108
2022-09-03 21:01:48,695 root            INFO     Se configuró correctamente el modelo
2022-09-03 21:01:49,437 root            INFO     Ping time: 63 :: Move time: 1163
2022-09-03 21:04:36,275 root            INFO     Unknown location error
2022-09-03 21:04:37,268 root            INFO     Time dif: 166.0375645160675
2022-09-03 21:04:37,269 root            INFO     Epsilon: 0.3039789608090118 :: Episode_reward -80070.35
2022-09-03 21:04:37,269 root            INFO     Total acts: 95 Random: 21 %% 0.22105263157894736 Q-Table: 74 %% 0.7789473684210526
2022-09-03 21:04:37,269 root            INFO     Init episode: 109
2022-09-03 21:04:37,441 root            INFO     Se configuró correctamente el modelo
2022-09-03 21:04:38,138 root            INFO     Ping time: 46 :: Move time: 1146
2022-09-03 21:07:24,074 root            INFO     MaxAttemps!
2022-09-03 21:07:24,076 root            INFO     Time dif: 164.28008103370667
2022-09-03 21:07:24,076 root            INFO     Epsilon: 0.30093917120092173 :: Episode_reward -151.35000000000008
2022-09-03 21:07:24,076 root            INFO     Total acts: 101 Random: 32 %% 0.31683168316831684 Q-Table: 69 %% 0.6831683168316832
2022-09-03 21:07:24,076 root            INFO     Init episode: 110
2022-09-03 21:07:24,259 root            INFO     Se configuró correctamente el modelo
2022-09-03 21:07:25,014 root            INFO     Ping time: 63 :: Move time: 1163
2022-09-03 21:10:06,974 root            INFO     MaxAttemps!
2022-09-03 21:10:06,976 root            INFO     Time dif: 160.3268003463745
2022-09-03 21:10:06,977 root            INFO     Epsilon: 0.2979297794889125 :: Episode_reward -185.95000000000033
2022-09-03 21:10:06,977 root            INFO     Total acts: 101 Random: 28 %% 0.27722772277227725 Q-Table: 73 %% 0.7227722772277227
2022-09-03 21:10:06,977 root            INFO     Init episode: 111
2022-09-03 21:10:07,164 root            INFO     Se configuró correctamente el modelo
2022-09-03 21:10:07,888 root            INFO     Ping time: 48 :: Move time: 1148
2022-09-03 21:13:04,317 root            INFO     MaxAttemps!
2022-09-03 21:13:04,319 root            INFO     Time dif: 173.62718653678894
2022-09-03 21:13:04,319 root            INFO     Epsilon: 0.2949504816940234 :: Episode_reward -82.14999999999988
2022-09-03 21:13:04,319 root            INFO     Total acts: 101 Random: 28 %% 0.27722772277227725 Q-Table: 73 %% 0.7227722772277227
2022-09-03 21:13:04,320 root            INFO     Init episode: 112
2022-09-03 21:13:04,483 root            INFO     Se configuró correctamente el modelo
2022-09-03 21:13:05,201 root            INFO     Ping time: 32 :: Move time: 1132
2022-09-03 21:15:56,470 root            INFO     Is Done!
2022-09-03 21:15:57,496 root            INFO     Time dif: 168.8531551361084
2022-09-03 21:15:57,497 root            INFO     Epsilon: 0.29200097687708315 :: Episode_reward -74.84999999999995
2022-09-03 21:15:57,497 root            INFO     Total acts: 95 Random: 35 %% 0.3684210526315789 Q-Table: 60 %% 0.631578947368421
2022-09-03 21:15:57,497 root            INFO     Init episode: 113
2022-09-03 21:15:57,670 root            INFO     Se configuró correctamente el modelo
2022-09-03 21:15:58,410 root            INFO     Ping time: 46 :: Move time: 1146
2022-09-03 21:18:54,183 root            INFO     MaxAttemps!
2022-09-03 21:18:54,185 root            INFO     Time dif: 173.03408813476562
2022-09-03 21:18:54,185 root            INFO     Epsilon: 0.2890809671083123 :: Episode_reward -55.599999999999795
2022-09-03 21:18:54,186 root            INFO     Total acts: 101 Random: 28 %% 0.27722772277227725 Q-Table: 73 %% 0.7227722772277227
2022-09-03 21:18:54,186 root            INFO     Init episode: 114
2022-09-03 21:18:54,366 root            INFO     Se configuró correctamente el modelo
2022-09-03 21:18:55,072 root            INFO     Ping time: 61 :: Move time: 1161
2022-09-03 21:20:41,734 root            INFO     Unknown location error
2022-09-03 21:20:42,751 root            INFO     Time dif: 106.02576160430908
2022-09-03 21:20:42,751 root            INFO     Epsilon: 0.2861901574372292 :: Episode_reward -79981.65
2022-09-03 21:20:42,751 root            INFO     Total acts: 51 Random: 19 %% 0.37254901960784315 Q-Table: 32 %% 0.6274509803921569
2022-09-03 21:20:42,751 root            INFO     Init episode: 115
2022-09-03 21:20:42,914 root            INFO     Se configuró correctamente el modelo
2022-09-03 21:20:43,599 root            INFO     Ping time: 47 :: Move time: 1147
2022-09-03 21:23:29,703 root            INFO     MaxAttemps!
2022-09-03 21:23:29,705 root            INFO     Time dif: 164.48552656173706
2022-09-03 21:23:29,705 root            INFO     Epsilon: 0.2833282558628569 :: Episode_reward -151.70000000000036
2022-09-03 21:23:29,705 root            INFO     Total acts: 101 Random: 26 %% 0.25742574257425743 Q-Table: 75 %% 0.7425742574257426
2022-09-03 21:23:29,705 root            INFO     Init episode: 116
2022-09-03 21:23:29,870 root            INFO     Se configuró correctamente el modelo
2022-09-03 21:23:30,604 root            INFO     Ping time: 47 :: Move time: 1147
2022-09-03 21:26:16,144 root            INFO     MaxAttemps!
2022-09-03 21:26:16,146 root            INFO     Time dif: 163.9297788143158
2022-09-03 21:26:16,146 root            INFO     Epsilon: 0.28049497330422835 :: Episode_reward -156.05
2022-09-03 21:26:16,146 root            INFO     Total acts: 101 Random: 28 %% 0.27722772277227725 Q-Table: 73 %% 0.7227722772277227
2022-09-03 21:26:16,146 root            INFO     Init episode: 117
2022-09-03 21:26:16,307 root            INFO     Se configuró correctamente el modelo
2022-09-03 21:26:16,982 root            INFO     Ping time: 32 :: Move time: 1132
2022-09-03 21:29:14,143 root            INFO     MaxAttemps!
2022-09-03 21:29:14,144 root            INFO     Time dif: 174.40912580490112
2022-09-03 21:29:14,145 root            INFO     Epsilon: 0.27769002357118605 :: Episode_reward -5.699999999999932
2022-09-03 21:29:14,145 root            INFO     Total acts: 101 Random: 35 %% 0.3465346534653465 Q-Table: 66 %% 0.6534653465346535
2022-09-03 21:29:14,145 root            INFO     Init episode: 118
2022-09-03 21:29:14,318 root            INFO     Se configuró correctamente el modelo
2022-09-03 21:29:15,004 root            INFO     Ping time: 47 :: Move time: 1147
2022-09-03 21:32:05,040 root            INFO     MaxAttemps!
2022-09-03 21:32:05,042 root            INFO     Time dif: 168.39685320854187
2022-09-03 21:32:05,042 root            INFO     Epsilon: 0.2749131233354742 :: Episode_reward -142.6000000000002
2022-09-03 21:32:05,042 root            INFO     Total acts: 101 Random: 28 %% 0.27722772277227725 Q-Table: 73 %% 0.7227722772277227
2022-09-03 21:32:05,042 root            INFO     Init episode: 119
2022-09-03 21:32:05,201 root            INFO     Se configuró correctamente el modelo
2022-09-03 21:32:05,957 root            INFO     Ping time: 63 :: Move time: 1163
2022-09-03 21:34:25,756 root            INFO     Unknown location error
2022-09-03 21:34:26,772 root            INFO     Time dif: 139.16730999946594
2022-09-03 21:34:26,772 root            INFO     Epsilon: 0.27216399210211945 :: Episode_reward -80117.35
2022-09-03 21:34:26,772 root            INFO     Total acts: 86 Random: 26 %% 0.3023255813953488 Q-Table: 60 %% 0.6976744186046512
2022-09-03 21:34:26,772 root            INFO     Init episode: 120
2022-09-03 21:34:26,926 root            INFO     Se configuró correctamente el modelo
2022-09-03 21:34:27,652 root            INFO     Ping time: 46 :: Move time: 1146
2022-09-03 21:35:54,337 root            INFO     Unknown location error
2022-09-03 21:35:55,344 root            INFO     Time dif: 86.0539402961731
2022-09-03 21:35:55,344 root            INFO     Epsilon: 0.26944235218109824 :: Episode_reward -80051.45
2022-09-03 21:35:55,344 root            INFO     Total acts: 48 Random: 14 %% 0.2916666666666667 Q-Table: 34 %% 0.7083333333333334
2022-09-03 21:35:55,344 root            INFO     Init episode: 121
2022-09-03 21:35:55,491 root            INFO     Se configuró correctamente el modelo
2022-09-03 21:35:56,205 root            INFO     Ping time: 63 :: Move time: 1163
2022-09-03 21:38:25,322 root            INFO     MaxAttemps!
2022-09-03 21:38:25,324 root            INFO     Time dif: 147.48036646842957
2022-09-03 21:38:25,324 root            INFO     Epsilon: 0.26674792865928726 :: Episode_reward -238.39999999999984
2022-09-03 21:38:25,324 root            INFO     Total acts: 101 Random: 24 %% 0.2376237623762376 Q-Table: 77 %% 0.7623762376237624
2022-09-03 21:38:25,325 root            INFO     Init episode: 122
2022-09-03 21:38:25,492 root            INFO     Se configuró correctamente el modelo
2022-09-03 21:38:26,205 root            INFO     Ping time: 47 :: Move time: 1147
2022-09-03 21:41:24,803 root            INFO     MaxAttemps!
2022-09-03 21:41:24,805 root            INFO     Time dif: 176.9644911289215
2022-09-03 21:41:24,805 root            INFO     Epsilon: 0.26408044937269437 :: Episode_reward -68.04999999999993
2022-09-03 21:41:24,806 root            INFO     Total acts: 101 Random: 31 %% 0.3069306930693069 Q-Table: 70 %% 0.693069306930693
2022-09-03 21:41:24,806 root            INFO     Init episode: 123
2022-09-03 21:41:24,968 root            INFO     Se configuró correctamente el modelo
2022-09-03 21:41:25,681 root            INFO     Ping time: 47 :: Move time: 1147
2022-09-03 21:44:14,154 root            INFO     MaxAttemps!
2022-09-03 21:44:14,156 root            INFO     Time dif: 166.8257007598877
2022-09-03 21:44:14,156 root            INFO     Epsilon: 0.2614396448789674 :: Episode_reward -172.3000000000001
2022-09-03 21:44:14,156 root            INFO     Total acts: 101 Random: 19 %% 0.18811881188118812 Q-Table: 82 %% 0.8118811881188119
2022-09-03 21:44:14,157 root            INFO     Init episode: 124
2022-09-03 21:44:14,318 root            INFO     Se configuró correctamente el modelo
2022-09-03 21:44:15,031 root            INFO     Ping time: 47 :: Move time: 1147
2022-09-03 21:46:56,859 root            INFO     MaxAttemps!
2022-09-03 21:46:56,861 root            INFO     Time dif: 160.19451689720154
2022-09-03 21:46:56,861 root            INFO     Epsilon: 0.25882524843017773 :: Episode_reward -197.70000000000024
2022-09-03 21:46:56,861 root            INFO     Total acts: 101 Random: 27 %% 0.26732673267326734 Q-Table: 74 %% 0.7326732673267327
2022-09-03 21:46:56,862 root            INFO     Init episode: 125
2022-09-03 21:46:57,018 root            INFO     Se configuró correctamente el modelo
2022-09-03 21:46:57,726 root            INFO     Ping time: 48 :: Move time: 1148
2022-09-03 21:49:40,360 root            INFO     MaxAttemps!
2022-09-03 21:49:40,361 root            INFO     Time dif: 160.99460625648499
2022-09-03 21:49:40,362 root            INFO     Epsilon: 0.25623699594587596 :: Episode_reward -197.6499999999999
2022-09-03 21:49:40,362 root            INFO     Total acts: 101 Random: 25 %% 0.24752475247524752 Q-Table: 76 %% 0.7524752475247525
2022-09-03 21:49:40,362 root            INFO     Init episode: 126
2022-09-03 21:49:40,512 root            INFO     Se configuró correctamente el modelo
2022-09-03 21:49:41,226 root            INFO     Ping time: 48 :: Move time: 1148
2022-09-03 21:52:32,685 root            INFO     MaxAttemps!
2022-09-03 21:52:32,687 root            INFO     Time dif: 168.74279189109802
2022-09-03 21:52:32,687 root            INFO     Epsilon: 0.2536746259864172 :: Episode_reward -116.64999999999989
2022-09-03 21:52:32,687 root            INFO     Total acts: 101 Random: 25 %% 0.24752475247524752 Q-Table: 76 %% 0.7524752475247525
2022-09-03 21:52:32,687 root            INFO     Init episode: 127
2022-09-03 21:52:32,861 root            INFO     Se configuró correctamente el modelo
2022-09-03 21:52:33,541 root            INFO     Ping time: 47 :: Move time: 1147
2022-09-03 21:54:12,519 root            INFO     Unknown location error
2022-09-03 21:54:13,517 root            INFO     Time dif: 98.34712100028992
2022-09-03 21:54:13,518 root            INFO     Epsilon: 0.25113787972655305 :: Episode_reward -80032.45
2022-09-03 21:54:13,518 root            INFO     Total acts: 53 Random: 18 %% 0.33962264150943394 Q-Table: 35 %% 0.660377358490566
2022-09-03 21:54:13,518 root            INFO     Init episode: 128
2022-09-03 21:54:13,687 root            INFO     Se configuró correctamente el modelo
2022-09-03 21:54:14,402 root            INFO     Ping time: 47 :: Move time: 1147
2022-09-03 21:56:21,868 root            INFO     Unknown location error
2022-09-03 21:56:22,853 root            INFO     Time dif: 126.86581754684448
2022-09-03 21:56:22,853 root            INFO     Epsilon: 0.2486265009292875 :: Episode_reward -80046.25
2022-09-03 21:56:22,853 root            INFO     Total acts: 70 Random: 21 %% 0.3 Q-Table: 49 %% 0.7
2022-09-03 21:56:22,854 root            INFO     Init episode: 129
2022-09-03 21:56:23,015 root            INFO     Se configuró correctamente el modelo
2022-09-03 21:56:23,728 root            INFO     Ping time: 47 :: Move time: 1147
2022-09-03 21:58:30,433 root            INFO     Unknown location error
2022-09-03 21:58:31,454 root            INFO     Time dif: 126.06313252449036
2022-09-03 21:58:31,455 root            INFO     Epsilon: 0.24614023591999462 :: Episode_reward -80043.35
2022-09-03 21:58:31,455 root            INFO     Total acts: 69 Random: 15 %% 0.21739130434782608 Q-Table: 54 %% 0.782608695652174
2022-09-03 21:58:31,455 root            INFO     Init episode: 130
2022-09-03 21:58:31,615 root            INFO     Se configuró correctamente el modelo
2022-09-03 21:58:32,328 root            INFO     Ping time: 48 :: Move time: 1148
2022-09-03 22:01:18,348 root            INFO     MaxAttemps!
2022-09-03 22:01:18,350 root            INFO     Time dif: 164.38568830490112
2022-09-03 22:01:18,350 root            INFO     Epsilon: 0.24367883356079467 :: Episode_reward -173.1999999999998
2022-09-03 22:01:18,350 root            INFO     Total acts: 101 Random: 24 %% 0.2376237623762376 Q-Table: 77 %% 0.7623762376237624
2022-09-03 22:01:18,351 root            INFO     Init episode: 131
2022-09-03 22:01:18,511 root            INFO     Se configuró correctamente el modelo
2022-09-03 22:01:19,223 root            INFO     Ping time: 63 :: Move time: 1163
2022-09-03 22:04:01,799 root            INFO     MaxAttemps!
2022-09-03 22:04:01,801 root            INFO     Time dif: 159.82288241386414
2022-09-03 22:04:01,801 root            INFO     Epsilon: 0.24124204522518672 :: Episode_reward -188.19999999999982
2022-09-03 22:04:01,801 root            INFO     Total acts: 101 Random: 28 %% 0.27722772277227725 Q-Table: 73 %% 0.7227722772277227
2022-09-03 22:04:01,801 root            INFO     Init episode: 132
2022-09-03 22:04:01,973 root            INFO     Se configuró correctamente el modelo
2022-09-03 22:04:02,655 root            INFO     Ping time: 47 :: Move time: 1147
2022-09-03 22:05:18,047 root            INFO     Unknown location error
2022-09-03 22:05:19,088 root            INFO     Time dif: 74.7545006275177
2022-09-03 22:05:19,089 root            INFO     Epsilon: 0.23882962477293485 :: Episode_reward -80026.05
2022-09-03 22:05:19,089 root            INFO     Total acts: 39 Random: 11 %% 0.28205128205128205 Q-Table: 28 %% 0.717948717948718
2022-09-03 22:05:19,089 root            INFO     Init episode: 133
2022-09-03 22:05:19,273 root            INFO     Se configuró correctamente el modelo
2022-09-03 22:05:19,996 root            INFO     Ping time: 48 :: Move time: 1148
2022-09-03 22:08:27,254 root            INFO     MaxAttemps!
2022-09-03 22:08:27,256 root            INFO     Time dif: 184.46300745010376
2022-09-03 22:08:27,256 root            INFO     Epsilon: 0.2364413285252055 :: Episode_reward 4.700000000000099
2022-09-03 22:08:27,256 root            INFO     Total acts: 101 Random: 27 %% 0.26732673267326734 Q-Table: 74 %% 0.7326732673267327
2022-09-03 22:08:27,256 root            INFO     Init episode: 134
2022-09-03 22:08:27,428 root            INFO     Se configuró correctamente el modelo
2022-09-03 22:08:28,141 root            INFO     Ping time: 47 :: Move time: 1147
2022-09-03 22:11:47,244 root            INFO     MaxAttemps!
2022-09-03 22:11:47,246 root            INFO     Time dif: 197.4615879058838
2022-09-03 22:11:47,246 root            INFO     Epsilon: 0.23407691523995344 :: Episode_reward 70.3000000000001
2022-09-03 22:11:47,246 root            INFO     Total acts: 101 Random: 27 %% 0.26732673267326734 Q-Table: 74 %% 0.7326732673267327
2022-09-03 22:11:47,247 root            INFO     Init episode: 135
2022-09-03 22:11:47,432 root            INFO     Se configuró correctamente el modelo
2022-09-03 22:11:48,146 root            INFO     Ping time: 47 :: Move time: 1147
2022-09-03 22:14:44,909 root            INFO     MaxAttemps!
2022-09-03 22:14:44,911 root            INFO     Time dif: 173.95104670524597
2022-09-03 22:14:44,911 root            INFO     Epsilon: 0.2317361460875539 :: Episode_reward -90.59999999999987
2022-09-03 22:14:44,911 root            INFO     Total acts: 101 Random: 24 %% 0.2376237623762376 Q-Table: 77 %% 0.7623762376237624
2022-09-03 22:14:44,911 root            INFO     Init episode: 136
2022-09-03 22:14:45,057 root            INFO     Se configuró correctamente el modelo
2022-09-03 22:14:45,769 root            INFO     Ping time: 32 :: Move time: 1132
2022-09-03 22:17:08,924 root            INFO     Is Done!
2022-09-03 22:17:09,978 root            INFO     Time dif: 140.74744629859924
2022-09-03 22:17:09,978 root            INFO     Epsilon: 0.22941878462667836 :: Episode_reward -103.19999999999989
2022-09-03 22:17:09,978 root            INFO     Total acts: 88 Random: 18 %% 0.20454545454545456 Q-Table: 70 %% 0.7954545454545454
2022-09-03 22:17:09,978 root            INFO     Init episode: 137
2022-09-03 22:17:10,157 root            INFO     Se configuró correctamente el modelo
2022-09-03 22:17:10,839 root            INFO     Ping time: 47 :: Move time: 1147
2022-09-03 22:19:51,683 root            INFO     MaxAttemps!
2022-09-03 22:19:51,685 root            INFO     Time dif: 159.2570013999939
2022-09-03 22:19:51,685 root            INFO     Epsilon: 0.22712459678041158 :: Episode_reward -170.20000000000005
2022-09-03 22:19:51,685 root            INFO     Total acts: 101 Random: 23 %% 0.22772277227722773 Q-Table: 78 %% 0.7722772277227723
2022-09-03 22:19:51,686 root            INFO     Init episode: 138
2022-09-03 22:19:51,852 root            INFO     Se configuró correctamente el modelo
2022-09-03 22:19:52,564 root            INFO     Ping time: 62 :: Move time: 1162
2022-09-03 22:22:36,725 root            INFO     MaxAttemps!
2022-09-03 22:22:36,727 root            INFO     Time dif: 162.53991651535034
2022-09-03 22:22:36,727 root            INFO     Epsilon: 0.22485335081260746 :: Episode_reward -164.6999999999998
2022-09-03 22:22:36,727 root            INFO     Total acts: 101 Random: 16 %% 0.15841584158415842 Q-Table: 85 %% 0.8415841584158416
2022-09-03 22:22:36,727 root            INFO     Init episode: 139
2022-09-03 22:22:36,899 root            INFO     Se configuró correctamente el modelo
2022-09-03 22:22:37,575 root            INFO     Ping time: 31 :: Move time: 1131
2022-09-03 22:24:29,584 root            INFO     Is Done!
2022-09-03 22:24:30,569 root            INFO     Time dif: 109.60669231414795
2022-09-03 22:24:30,569 root            INFO     Epsilon: 0.2226048173044814 :: Episode_reward -8.500000000000004
2022-09-03 22:24:30,569 root            INFO     Total acts: 56 Random: 12 %% 0.21428571428571427 Q-Table: 44 %% 0.7857142857142857
2022-09-03 22:24:30,569 root            INFO     Init episode: 140
2022-09-03 22:24:30,739 root            INFO     Se configuró correctamente el modelo
2022-09-03 22:24:31,465 root            INFO     Ping time: 63 :: Move time: 1163
2022-09-03 22:26:14,018 root            INFO     Is Done!
2022-09-03 22:26:15,007 root            INFO     Time dif: 100.11991167068481
2022-09-03 22:26:15,008 root            INFO     Epsilon: 0.22037876913143659 :: Episode_reward 25.550000000000008
2022-09-03 22:26:15,008 root            INFO     Total acts: 48 Random: 12 %% 0.25 Q-Table: 36 %% 0.75
2022-09-03 22:26:15,008 root            INFO     Init episode: 141
2022-09-03 22:26:15,172 root            INFO     Se configuró correctamente el modelo
2022-09-03 22:26:15,888 root            INFO     Ping time: 48 :: Move time: 1148
2022-09-03 22:29:24,555 root            INFO     MaxAttemps!
2022-09-03 22:29:24,557 root            INFO     Time dif: 183.13163685798645
2022-09-03 22:29:24,557 root            INFO     Epsilon: 0.2181749814401222 :: Episode_reward 57.449999999999946
2022-09-03 22:29:24,557 root            INFO     Total acts: 101 Random: 23 %% 0.22772277227722773 Q-Table: 78 %% 0.7722772277227723
2022-09-03 22:29:24,558 root            INFO     Init episode: 142
2022-09-03 22:29:24,935 root            INFO     Se configuró correctamente el modelo
2022-09-03 22:29:25,602 root            INFO     Ping time: 62 :: Move time: 1162
2022-09-03 22:30:56,906 root            INFO     Unknown location error
2022-09-03 22:30:57,903 root            INFO     Time dif: 90.7118570804596
2022-09-03 22:30:57,903 root            INFO     Epsilon: 0.21599323162572098 :: Episode_reward -80114.2
2022-09-03 22:30:57,903 root            INFO     Total acts: 61 Random: 16 %% 0.26229508196721313 Q-Table: 45 %% 0.7377049180327869
2022-09-03 22:30:57,904 root            INFO     Init episode: 143
2022-09-03 22:31:07,921 root            INFO     Imposible configurar el modelo
2022-09-03 22:31:12,943 root            INFO     Se configuró correctamente el modelo
