2022-06-30 09:07:01,866 root            INFO     Init episode: 1
2022-06-30 09:12:36,042 root            INFO     Init episode: 1
2022-06-30 09:13:47,433 root            INFO     Init episode: 1
2022-06-30 09:15:07,643 root            INFO     Init episode: 1
2022-06-30 09:16:09,291 root            INFO     Time dif: 59.04487991333008
2022-06-30 09:16:09,291 root            INFO     Epsilon: 0.891 :: Episode_reward 32.400000000000006
2022-06-30 09:16:09,291 root            INFO     Total acts: 67 Random: 63 %% 0.9402985074626866 Q-Table: 4 %% 0.05970149253731343
2022-06-30 09:16:09,291 root            INFO     Init episode: 2
2022-06-30 09:18:02,539 root            INFO     Init episode: 1
2022-06-30 09:19:03,862 root            INFO     Time dif: 58.75222158432007
2022-06-30 09:19:03,862 root            INFO     Epsilon: 0.891 :: Episode_reward 41.19999999999999
2022-06-30 09:19:03,862 root            INFO     Total acts: 64 Random: 54 %% 0.84375 Q-Table: 10 %% 0.15625
2022-06-30 09:19:03,863 root            INFO     Init episode: 2
2022-06-30 09:19:50,369 root            INFO     Time dif: 43.79539918899536
2022-06-30 09:19:50,369 root            INFO     Epsilon: 0.88209 :: Episode_reward 37.29999999999998
2022-06-30 09:19:50,369 root            INFO     Total acts: 48 Random: 42 %% 0.875 Q-Table: 6 %% 0.125
2022-06-30 09:19:50,369 root            INFO     Init episode: 3
2022-06-30 09:20:35,059 root            INFO     Time dif: 43.36358904838562
2022-06-30 09:20:35,059 root            INFO     Epsilon: 0.8732691 :: Episode_reward -79955.2
2022-06-30 09:20:35,059 root            INFO     Total acts: 43 Random: 38 %% 0.8837209302325582 Q-Table: 5 %% 0.11627906976744186
2022-06-30 09:20:35,059 root            INFO     Init episode: 4
2022-06-30 09:21:35,444 root            INFO     Time dif: 57.74339008331299
2022-06-30 09:21:35,444 root            INFO     Epsilon: 0.8645364090000001 :: Episode_reward 47.099999999999994
2022-06-30 09:21:35,444 root            INFO     Total acts: 63 Random: 55 %% 0.873015873015873 Q-Table: 8 %% 0.12698412698412698
2022-06-30 09:21:35,444 root            INFO     Init episode: 5
2022-06-30 09:22:32,871 root            INFO     Time dif: 54.834288358688354
2022-06-30 09:22:32,871 root            INFO     Epsilon: 0.85589104491 :: Episode_reward 79.94999999999999
2022-06-30 09:22:32,871 root            INFO     Total acts: 49 Random: 45 %% 0.9183673469387755 Q-Table: 4 %% 0.08163265306122448
2022-06-30 09:22:32,871 root            INFO     Init episode: 6
2022-06-30 09:23:15,276 root            INFO     Time dif: 39.842371702194214
2022-06-30 09:23:15,276 root            INFO     Epsilon: 0.8473321344609 :: Episode_reward 84.65000000000002
2022-06-30 09:23:15,276 root            INFO     Total acts: 32 Random: 29 %% 0.90625 Q-Table: 3 %% 0.09375
2022-06-30 09:23:15,276 root            INFO     Init episode: 7
2022-06-30 09:23:47,475 root            INFO     Time dif: 29.651330947875977
2022-06-30 09:23:47,475 root            INFO     Epsilon: 0.8388588131162911 :: Episode_reward 69.15
2022-06-30 09:23:47,475 root            INFO     Total acts: 30 Random: 23 %% 0.7666666666666667 Q-Table: 7 %% 0.23333333333333334
2022-06-30 09:23:47,475 root            INFO     Init episode: 8
2022-06-30 09:25:42,479 root            INFO     Time dif: 112.48527312278748
2022-06-30 09:25:42,479 root            INFO     Epsilon: 0.8304702249851281 :: Episode_reward 214.34999999999923
2022-06-30 09:25:42,479 root            INFO     Total acts: 181 Random: 153 %% 0.8453038674033149 Q-Table: 28 %% 0.15469613259668508
2022-06-30 09:25:42,479 root            INFO     Init episode: 9
2022-06-30 09:26:14,198 root            INFO     Time dif: 30.45651865005493
2022-06-30 09:26:14,198 root            INFO     Epsilon: 0.8221655227352769 :: Episode_reward -79951.75
2022-06-30 09:26:14,198 root            INFO     Total acts: 34 Random: 30 %% 0.8823529411764706 Q-Table: 4 %% 0.11764705882352941
2022-06-30 09:26:14,198 root            INFO     Init episode: 10
2022-06-30 09:26:52,376 root            INFO     Time dif: 35.624162673950195
2022-06-30 09:26:52,376 root            INFO     Epsilon: 0.8139438675079241 :: Episode_reward 54.55
2022-06-30 09:26:52,376 root            INFO     Total acts: 39 Random: 34 %% 0.8717948717948718 Q-Table: 5 %% 0.1282051282051282
2022-06-30 09:26:52,377 root            INFO     Init episode: 11
2022-06-30 09:27:37,856 root            INFO     Time dif: 44.18261909484863
2022-06-30 09:27:37,856 root            INFO     Epsilon: 0.8058044288328449 :: Episode_reward -79965.25
2022-06-30 09:27:37,856 root            INFO     Total acts: 46 Random: 40 %% 0.8695652173913043 Q-Table: 6 %% 0.13043478260869565
2022-06-30 09:27:37,856 root            INFO     Init episode: 12
2022-06-30 09:28:31,285 root            INFO     Time dif: 50.81991958618164
2022-06-30 09:28:31,286 root            INFO     Epsilon: 0.7977463845445164 :: Episode_reward 124.24999999999999
2022-06-30 09:28:31,286 root            INFO     Total acts: 34 Random: 30 %% 0.8823529411764706 Q-Table: 4 %% 0.11764705882352941
2022-06-30 09:28:31,286 root            INFO     Init episode: 13
2022-06-30 09:29:18,069 root            INFO     Time dif: 44.212570667266846
2022-06-30 09:29:18,069 root            INFO     Epsilon: 0.7897689206990712 :: Episode_reward 34.650000000000006
2022-06-30 09:29:18,069 root            INFO     Total acts: 49 Random: 39 %% 0.7959183673469388 Q-Table: 10 %% 0.20408163265306123
2022-06-30 09:29:18,070 root            INFO     Init episode: 14
2022-06-30 09:30:03,704 root            INFO     Time dif: 43.02973031997681
2022-06-30 09:30:03,704 root            INFO     Epsilon: 0.7818712314920805 :: Episode_reward 49.34999999999998
2022-06-30 09:30:03,704 root            INFO     Total acts: 44 Random: 33 %% 0.75 Q-Table: 11 %% 0.25
2022-06-30 09:30:03,705 root            INFO     Init episode: 15
2022-06-30 09:30:59,096 root            INFO     Time dif: 52.7713508605957
2022-06-30 09:30:59,096 root            INFO     Epsilon: 0.7740525191771597 :: Episode_reward 110.99999999999996
2022-06-30 09:30:59,096 root            INFO     Total acts: 39 Random: 31 %% 0.7948717948717948 Q-Table: 8 %% 0.20512820512820512
2022-06-30 09:30:59,097 root            INFO     Init episode: 16
2022-06-30 09:31:47,217 root            INFO     Time dif: 45.40200757980347
2022-06-30 09:31:47,217 root            INFO     Epsilon: 0.7663119939853881 :: Episode_reward 24.14999999999999
2022-06-30 09:31:47,218 root            INFO     Total acts: 53 Random: 36 %% 0.6792452830188679 Q-Table: 17 %% 0.32075471698113206
2022-06-30 09:31:47,218 root            INFO     Init episode: 17
2022-06-30 09:32:45,536 root            INFO     Time dif: 55.689385175704956
2022-06-30 09:32:45,536 root            INFO     Epsilon: 0.7586488740455342 :: Episode_reward 75.94999999999997
2022-06-30 09:32:45,536 root            INFO     Total acts: 51 Random: 40 %% 0.7843137254901961 Q-Table: 11 %% 0.21568627450980393
2022-06-30 09:32:45,536 root            INFO     Init episode: 18
2022-06-30 09:33:36,759 root            INFO     Time dif: 48.6377317905426
2022-06-30 09:33:36,760 root            INFO     Epsilon: 0.7510623853050789 :: Episode_reward -15.2
2022-06-30 09:33:36,760 root            INFO     Total acts: 67 Random: 50 %% 0.746268656716418 Q-Table: 17 %% 0.2537313432835821
2022-06-30 09:33:36,760 root            INFO     Init episode: 19
2022-06-30 09:34:36,866 root            INFO     Time dif: 56.88534998893738
2022-06-30 09:34:36,866 root            INFO     Epsilon: 0.7435517614520281 :: Episode_reward 27.09999999999999
2022-06-30 09:34:36,866 root            INFO     Total acts: 52 Random: 34 %% 0.6538461538461539 Q-Table: 18 %% 0.34615384615384615
2022-06-30 09:34:36,866 root            INFO     Init episode: 20
2022-06-30 09:35:53,556 root            INFO     Time dif: 74.75789475440979
2022-06-30 09:35:53,557 root            INFO     Epsilon: 0.7361162438375077 :: Episode_reward -79971.15
2022-06-30 09:35:53,557 root            INFO     Total acts: 49 Random: 39 %% 0.7959183673469388 Q-Table: 10 %% 0.20408163265306123
2022-06-30 09:35:53,557 root            INFO     Init episode: 21
2022-06-30 09:36:57,918 root            INFO     Time dif: 61.17739820480347
2022-06-30 09:36:57,918 root            INFO     Epsilon: 0.7287550813991327 :: Episode_reward 76.49999999999999
2022-06-30 09:36:57,918 root            INFO     Total acts: 34 Random: 26 %% 0.7647058823529411 Q-Table: 8 %% 0.23529411764705882
2022-06-30 09:36:57,918 root            INFO     Init episode: 22
2022-06-30 09:37:57,036 root            INFO     Time dif: 55.88998603820801
2022-06-30 09:37:57,037 root            INFO     Epsilon: 0.7214675305851413 :: Episode_reward 96.15000000000002
2022-06-30 09:37:57,037 root            INFO     Total acts: 28 Random: 23 %% 0.8214285714285714 Q-Table: 5 %% 0.17857142857142858
2022-06-30 09:37:57,037 root            INFO     Init episode: 23
2022-06-30 09:38:31,768 root            INFO     Time dif: 32.808398723602295
2022-06-30 09:38:31,768 root            INFO     Epsilon: 0.7142528552792899 :: Episode_reward -80020.35
2022-06-30 09:38:31,768 root            INFO     Total acts: 26 Random: 20 %% 0.7692307692307693 Q-Table: 6 %% 0.23076923076923078
2022-06-30 09:38:31,768 root            INFO     Init episode: 24
2022-06-30 09:39:43,141 root            INFO     Time dif: 68.18148589134216
2022-06-30 09:39:43,141 root            INFO     Epsilon: 0.707110326726497 :: Episode_reward 56.75
2022-06-30 09:39:43,141 root            INFO     Total acts: 42 Random: 27 %% 0.6428571428571429 Q-Table: 15 %% 0.35714285714285715
2022-06-30 09:39:43,142 root            INFO     Init episode: 25
2022-06-30 09:41:28,230 root            INFO     Time dif: 101.91652607917786
2022-06-30 09:41:28,230 root            INFO     Epsilon: 0.700039223459232 :: Episode_reward 25.49999999999999
2022-06-30 09:41:28,230 root            INFO     Total acts: 69 Random: 50 %% 0.7246376811594203 Q-Table: 19 %% 0.2753623188405797
2022-06-30 09:41:28,231 root            INFO     Init episode: 26
2022-06-30 09:43:15,696 root            INFO     Time dif: 104.20034122467041
2022-06-30 09:43:15,696 root            INFO     Epsilon: 0.6930388312246396 :: Episode_reward 30.05000000000001
2022-06-30 09:43:15,696 root            INFO     Total acts: 68 Random: 52 %% 0.7647058823529411 Q-Table: 16 %% 0.23529411764705882
2022-06-30 09:43:15,696 root            INFO     Init episode: 27
2022-06-30 09:44:23,702 root            INFO     Time dif: 64.75879526138306
2022-06-30 09:44:23,702 root            INFO     Epsilon: 0.6861084429123933 :: Episode_reward 68.99999999999999
2022-06-30 09:44:23,702 root            INFO     Total acts: 37 Random: 30 %% 0.8108108108108109 Q-Table: 7 %% 0.1891891891891892
2022-06-30 09:44:23,703 root            INFO     Init episode: 28
2022-06-30 09:45:29,688 root            INFO     Time dif: 64.03107714653015
2022-06-30 09:45:29,688 root            INFO     Epsilon: 0.6792473584832693 :: Episode_reward -80026.0
2022-06-30 09:45:29,688 root            INFO     Total acts: 47 Random: 37 %% 0.7872340425531915 Q-Table: 10 %% 0.2127659574468085
2022-06-30 09:45:29,689 root            INFO     Init episode: 29
2022-06-30 09:46:52,734 root            INFO     Time dif: 79.71754336357117
2022-06-30 09:46:52,734 root            INFO     Epsilon: 0.6724548848984366 :: Episode_reward 34.499999999999986
2022-06-30 09:46:52,734 root            INFO     Total acts: 53 Random: 36 %% 0.6792452830188679 Q-Table: 17 %% 0.32075471698113206
2022-06-30 09:46:52,734 root            INFO     Init episode: 30
2022-06-30 09:48:45,541 root            INFO     Time dif: 109.45129013061523
2022-06-30 09:48:45,541 root            INFO     Epsilon: 0.6657303360494523 :: Episode_reward -67.35000000000001
2022-06-30 09:48:45,541 root            INFO     Total acts: 85 Random: 53 %% 0.6235294117647059 Q-Table: 32 %% 0.3764705882352941
2022-06-30 09:48:45,541 root            INFO     Init episode: 31
2022-06-30 09:49:27,547 root            INFO     Time dif: 40.0295672416687
2022-06-30 09:49:27,548 root            INFO     Epsilon: 0.6590730326889578 :: Episode_reward -79965.75
2022-06-30 09:49:27,548 root            INFO     Total acts: 23 Random: 22 %% 0.9565217391304348 Q-Table: 1 %% 0.043478260869565216
2022-06-30 09:49:27,548 root            INFO     Init episode: 32
2022-06-30 09:50:04,625 root            INFO     Time dif: 35.12292456626892
2022-06-30 09:50:04,625 root            INFO     Epsilon: 0.6524823023620682 :: Episode_reward -79999.9
2022-06-30 09:50:04,625 root            INFO     Total acts: 23 Random: 17 %% 0.7391304347826086 Q-Table: 6 %% 0.2608695652173913
2022-06-30 09:50:04,625 root            INFO     Init episode: 33
2022-06-30 09:52:02,608 root            INFO     Time dif: 114.73555755615234
2022-06-30 09:52:02,608 root            INFO     Epsilon: 0.6459574793384475 :: Episode_reward -5.850000000000012
2022-06-30 09:52:02,608 root            INFO     Total acts: 81 Random: 60 %% 0.7407407407407407 Q-Table: 21 %% 0.25925925925925924
2022-06-30 09:52:02,609 root            INFO     Init episode: 34
2022-06-30 09:54:07,608 root            INFO     Time dif: 121.75227379798889
2022-06-30 09:54:07,608 root            INFO     Epsilon: 0.6394979045450631 :: Episode_reward -54.349999999999994
2022-06-30 09:54:07,608 root            INFO     Total acts: 92 Random: 62 %% 0.6739130434782609 Q-Table: 30 %% 0.32608695652173914
2022-06-30 09:54:07,608 root            INFO     Init episode: 35
2022-06-30 10:38:24,758 root            INFO     Init episode: 1
2022-06-30 10:39:18,843 root            INFO     Is Done!
2022-06-30 10:39:18,845 root            INFO     Time dif: 51.5237557888031
2022-06-30 10:39:18,845 root            INFO     Epsilon: 0.891 :: Episode_reward 61.349999999999994
2022-06-30 10:39:18,845 root            INFO     Total acts: 53 Random: 48 %% 0.9056603773584906 Q-Table: 5 %% 0.09433962264150944
2022-06-30 10:39:18,845 root            INFO     Init episode: 2
2022-06-30 10:39:52,943 root            INFO     Unknown location error
2022-06-30 10:39:52,945 root            INFO     Time dif: 32.82559084892273
2022-06-30 10:39:52,945 root            INFO     Epsilon: 0.88209 :: Episode_reward -79958.4
2022-06-30 10:39:52,945 root            INFO     Total acts: 40 Random: 36 %% 0.9 Q-Table: 4 %% 0.1
2022-06-30 10:39:52,945 root            INFO     Init episode: 3
2022-06-30 10:40:33,215 root            INFO     Is Done!
2022-06-30 10:40:33,216 root            INFO     Time dif: 37.722914934158325
2022-06-30 10:40:33,217 root            INFO     Epsilon: 0.8732691 :: Episode_reward 102.84999999999995
2022-06-30 10:40:33,217 root            INFO     Total acts: 34 Random: 31 %% 0.9117647058823529 Q-Table: 3 %% 0.08823529411764706
2022-06-30 10:40:33,217 root            INFO     Init episode: 4
2022-06-30 10:41:07,118 root            INFO     Is Done!
2022-06-30 10:41:07,120 root            INFO     Time dif: 31.396854877471924
2022-06-30 10:41:07,120 root            INFO     Epsilon: 0.8645364090000001 :: Episode_reward 47.79999999999998
2022-06-30 10:41:07,120 root            INFO     Total acts: 37 Random: 34 %% 0.918918918918919 Q-Table: 3 %% 0.08108108108108109
2022-06-30 10:41:07,121 root            INFO     Init episode: 5
2022-06-30 10:41:42,458 root            INFO     Is Done!
2022-06-30 10:41:42,460 root            INFO     Time dif: 32.81341862678528
2022-06-30 10:41:42,460 root            INFO     Epsilon: 0.85589104491 :: Episode_reward 32.09999999999998
2022-06-30 10:41:42,460 root            INFO     Total acts: 43 Random: 37 %% 0.8604651162790697 Q-Table: 6 %% 0.13953488372093023
2022-06-30 10:41:42,460 root            INFO     Init episode: 6
2022-06-30 10:42:28,154 root            INFO     Is Done!
2022-06-30 10:42:28,156 root            INFO     Time dif: 43.194241762161255
2022-06-30 10:42:28,156 root            INFO     Epsilon: 0.8473321344609 :: Episode_reward 43.60000000000001
2022-06-30 10:42:28,156 root            INFO     Total acts: 55 Random: 45 %% 0.8181818181818182 Q-Table: 10 %% 0.18181818181818182
2022-06-30 10:42:28,156 root            INFO     Init episode: 7
2022-06-30 10:43:00,118 root            INFO     Is Done!
2022-06-30 10:43:00,120 root            INFO     Time dif: 29.425370931625366
2022-06-30 10:43:00,120 root            INFO     Epsilon: 0.8388588131162911 :: Episode_reward 67.9
2022-06-30 10:43:00,120 root            INFO     Total acts: 30 Random: 28 %% 0.9333333333333333 Q-Table: 2 %% 0.06666666666666667
2022-06-30 10:43:00,121 root            INFO     Init episode: 8
2022-06-30 10:43:43,822 root            INFO     Is Done!
2022-06-30 10:43:43,824 root            INFO     Time dif: 41.16987633705139
2022-06-30 10:43:43,824 root            INFO     Epsilon: 0.8304702249851281 :: Episode_reward 67.05
2022-06-30 10:43:43,824 root            INFO     Total acts: 47 Random: 40 %% 0.851063829787234 Q-Table: 7 %% 0.14893617021276595
2022-06-30 10:43:43,825 root            INFO     Init episode: 9
2022-06-30 10:44:22,166 root            INFO     Is Done!
2022-06-30 10:44:22,168 root            INFO     Time dif: 35.793500661849976
2022-06-30 10:44:22,169 root            INFO     Epsilon: 0.8221655227352769 :: Episode_reward -3.649999999999995
2022-06-30 10:44:22,169 root            INFO     Total acts: 55 Random: 49 %% 0.8909090909090909 Q-Table: 6 %% 0.10909090909090909
2022-06-30 10:44:22,169 root            INFO     Init episode: 10
2022-06-30 10:45:02,133 root            INFO     Unknown location error
2022-06-30 10:45:02,135 root            INFO     Time dif: 38.70865249633789
2022-06-30 10:45:02,135 root            INFO     Epsilon: 0.8139438675079241 :: Episode_reward -79949.85
2022-06-30 10:45:02,135 root            INFO     Total acts: 46 Random: 34 %% 0.7391304347826086 Q-Table: 12 %% 0.2608695652173913
2022-06-30 10:45:02,135 root            INFO     Init episode: 11
2022-06-30 10:45:43,979 root            INFO     Is Done!
2022-06-30 10:45:43,980 root            INFO     Time dif: 39.321820974349976
2022-06-30 10:45:43,981 root            INFO     Epsilon: 0.8058044288328449 :: Episode_reward 15.699999999999994
2022-06-30 10:45:43,981 root            INFO     Total acts: 56 Random: 51 %% 0.9107142857142857 Q-Table: 5 %% 0.08928571428571429
2022-06-30 10:45:43,981 root            INFO     Init episode: 12
2022-06-30 10:46:30,645 root            INFO     Is Done!
2022-06-30 10:46:30,647 root            INFO     Time dif: 44.14056730270386
2022-06-30 10:46:30,647 root            INFO     Epsilon: 0.7977463845445164 :: Episode_reward 34.599999999999994
2022-06-30 10:46:30,647 root            INFO     Total acts: 58 Random: 42 %% 0.7241379310344828 Q-Table: 16 %% 0.27586206896551724
2022-06-30 10:46:30,647 root            INFO     Init episode: 13
2022-06-30 10:47:13,727 root            INFO     Is Done!
2022-06-30 10:47:13,729 root            INFO     Time dif: 40.57929587364197
2022-06-30 10:47:13,729 root            INFO     Epsilon: 0.7897689206990712 :: Episode_reward 7.800000000000001
2022-06-30 10:47:13,729 root            INFO     Total acts: 59 Random: 48 %% 0.8135593220338984 Q-Table: 11 %% 0.1864406779661017
2022-06-30 10:47:13,729 root            INFO     Init episode: 14
2022-06-30 10:47:54,483 root            INFO     Is Done!
2022-06-30 10:47:54,485 root            INFO     Time dif: 38.24670720100403
2022-06-30 10:47:54,485 root            INFO     Epsilon: 0.7818712314920805 :: Episode_reward -26.100000000000012
2022-06-30 10:47:54,485 root            INFO     Total acts: 63 Random: 48 %% 0.7619047619047619 Q-Table: 15 %% 0.23809523809523808
2022-06-30 10:47:54,485 root            INFO     Init episode: 15
2022-06-30 10:48:36,164 root            INFO     Is Done!
2022-06-30 10:48:36,165 root            INFO     Time dif: 39.12903070449829
2022-06-30 10:48:36,165 root            INFO     Epsilon: 0.7740525191771597 :: Episode_reward -36.300000000000026
2022-06-30 10:48:36,165 root            INFO     Total acts: 67 Random: 50 %% 0.746268656716418 Q-Table: 17 %% 0.2537313432835821
2022-06-30 10:48:36,166 root            INFO     Init episode: 16
2022-06-30 10:49:24,169 root            INFO     Is Done!
2022-06-30 10:49:24,170 root            INFO     Time dif: 45.45500183105469
2022-06-30 10:49:24,170 root            INFO     Epsilon: 0.7663119939853881 :: Episode_reward 24.699999999999985
2022-06-30 10:49:24,170 root            INFO     Total acts: 61 Random: 47 %% 0.7704918032786885 Q-Table: 14 %% 0.22950819672131148
2022-06-30 10:49:24,171 root            INFO     Init episode: 17
2022-06-30 10:50:13,680 root            INFO     Is Done!
2022-06-30 10:50:13,682 root            INFO     Time dif: 46.97200655937195
2022-06-30 10:50:13,683 root            INFO     Epsilon: 0.7586488740455342 :: Episode_reward 10.350000000000007
2022-06-30 10:50:13,683 root            INFO     Total acts: 67 Random: 56 %% 0.835820895522388 Q-Table: 11 %% 0.16417910447761194
2022-06-30 10:50:13,683 root            INFO     Init episode: 18
2022-06-30 10:50:57,434 root            INFO     Is Done!
2022-06-30 10:50:57,436 root            INFO     Time dif: 41.24133062362671
2022-06-30 10:50:57,436 root            INFO     Epsilon: 0.7510623853050789 :: Episode_reward -58.199999999999974
2022-06-30 10:50:57,436 root            INFO     Total acts: 73 Random: 47 %% 0.6438356164383562 Q-Table: 26 %% 0.3561643835616438
2022-06-30 10:50:57,437 root            INFO     Init episode: 19
2022-06-30 10:51:44,641 root            INFO     Is Done!
2022-06-30 10:51:45,343 root            INFO     Time dif: 44.65608263015747
2022-06-30 10:51:45,343 root            INFO     Epsilon: 0.7435517614520281 :: Episode_reward 6.3999999999999915
2022-06-30 10:51:45,343 root            INFO     Total acts: 60 Random: 40 %% 0.6666666666666666 Q-Table: 20 %% 0.3333333333333333
2022-06-30 10:51:45,344 root            INFO     Init episode: 20
2022-06-30 10:52:40,930 root            INFO     Is Done!
2022-06-30 10:52:41,624 root            INFO     Time dif: 53.05049395561218
2022-06-30 10:52:41,624 root            INFO     Epsilon: 0.7361162438375077 :: Episode_reward 59.10000000000001
2022-06-30 10:52:41,624 root            INFO     Total acts: 33 Random: 23 %% 0.696969696969697 Q-Table: 10 %% 0.30303030303030304
2022-06-30 10:52:41,625 root            INFO     Init episode: 21
2022-06-30 10:54:05,167 root            INFO     Is Done!
2022-06-30 10:54:05,870 root            INFO     Time dif: 80.91702222824097
2022-06-30 10:54:05,870 root            INFO     Epsilon: 0.7287550813991327 :: Episode_reward 44.09999999999998
2022-06-30 10:54:05,870 root            INFO     Total acts: 54 Random: 41 %% 0.7592592592592593 Q-Table: 13 %% 0.24074074074074073
2022-06-30 10:54:05,870 root            INFO     Init episode: 22
2022-06-30 10:55:22,653 root            INFO     Is Done!
2022-06-30 10:55:23,377 root            INFO     Time dif: 74.23985409736633
2022-06-30 10:55:23,377 root            INFO     Epsilon: 0.7214675305851413 :: Episode_reward 65.99999999999999
2022-06-30 10:55:23,377 root            INFO     Total acts: 47 Random: 37 %% 0.7872340425531915 Q-Table: 10 %% 0.2127659574468085
2022-06-30 10:55:23,378 root            INFO     Init episode: 23
2022-06-30 10:56:32,244 root            INFO     Is Done!
2022-06-30 10:56:32,960 root            INFO     Time dif: 66.35253834724426
2022-06-30 10:56:32,960 root            INFO     Epsilon: 0.7142528552792899 :: Episode_reward 88.89999999999999
2022-06-30 10:56:32,960 root            INFO     Total acts: 38 Random: 31 %% 0.8157894736842105 Q-Table: 7 %% 0.18421052631578946
2022-06-30 10:56:32,961 root            INFO     Init episode: 24
2022-06-30 10:57:29,767 root            INFO     Is Done!
2022-06-30 10:57:30,493 root            INFO     Time dif: 54.23818373680115
2022-06-30 10:57:30,493 root            INFO     Epsilon: 0.707110326726497 :: Episode_reward 56.34999999999998
2022-06-30 10:57:30,493 root            INFO     Total acts: 34 Random: 22 %% 0.6470588235294118 Q-Table: 12 %% 0.35294117647058826
2022-06-30 10:57:30,494 root            INFO     Init episode: 25
2022-06-30 10:58:12,757 root            INFO     Is Done!
2022-06-30 10:58:13,469 root            INFO     Time dif: 39.73706793785095
2022-06-30 10:58:13,469 root            INFO     Epsilon: 0.700039223459232 :: Episode_reward 99.3
2022-06-30 10:58:13,469 root            INFO     Total acts: 19 Random: 17 %% 0.8947368421052632 Q-Table: 2 %% 0.10526315789473684
2022-06-30 10:58:13,470 root            INFO     Init episode: 26
2022-06-30 10:59:25,597 root            INFO     Is Done!
2022-06-30 10:59:26,323 root            INFO     Time dif: 69.29014897346497
2022-06-30 10:59:26,324 root            INFO     Epsilon: 0.6930388312246396 :: Episode_reward 10.299999999999999
2022-06-30 10:59:26,324 root            INFO     Total acts: 50 Random: 33 %% 0.66 Q-Table: 17 %% 0.34
2022-06-30 10:59:26,324 root            INFO     Init episode: 27
2022-06-30 11:00:16,538 root            INFO     Is Done!
2022-06-30 11:00:17,232 root            INFO     Time dif: 47.66500806808472
2022-06-30 11:00:17,232 root            INFO     Epsilon: 0.6861084429123933 :: Episode_reward 77.05
2022-06-30 11:00:17,232 root            INFO     Total acts: 27 Random: 13 %% 0.48148148148148145 Q-Table: 14 %% 0.5185185185185185
2022-06-30 11:00:17,233 root            INFO     Init episode: 28
2022-06-30 11:01:32,499 root            INFO     Is Done!
2022-06-30 11:01:33,190 root            INFO     Time dif: 72.69442367553711
2022-06-30 11:01:33,191 root            INFO     Epsilon: 0.6792473584832693 :: Episode_reward 1.399999999999988
2022-06-30 11:01:33,191 root            INFO     Total acts: 53 Random: 36 %% 0.6792452830188679 Q-Table: 17 %% 0.32075471698113206
2022-06-30 11:01:33,191 root            INFO     Init episode: 29
2022-06-30 11:02:28,820 root            INFO     Is Done!
2022-06-30 11:02:29,539 root            INFO     Time dif: 53.111769676208496
2022-06-30 11:02:29,539 root            INFO     Epsilon: 0.6724548848984366 :: Episode_reward 59.55
2022-06-30 11:02:29,539 root            INFO     Total acts: 33 Random: 25 %% 0.7575757575757576 Q-Table: 8 %% 0.24242424242424243
2022-06-30 11:02:29,539 root            INFO     Init episode: 30
2022-06-30 11:03:27,823 root            INFO     Is Done!
2022-06-30 11:03:28,545 root            INFO     Time dif: 55.755773305892944
2022-06-30 11:03:28,545 root            INFO     Epsilon: 0.6657303360494523 :: Episode_reward 50.249999999999986
2022-06-30 11:03:28,545 root            INFO     Total acts: 36 Random: 27 %% 0.75 Q-Table: 9 %% 0.25
2022-06-30 11:03:28,546 root            INFO     Init episode: 31
2022-06-30 11:04:48,702 root            INFO     Is Done!
2022-06-30 11:04:49,432 root            INFO     Time dif: 77.65145921707153
2022-06-30 11:04:49,433 root            INFO     Epsilon: 0.6590730326889578 :: Episode_reward 56.2
2022-06-30 11:04:49,433 root            INFO     Total acts: 50 Random: 33 %% 0.66 Q-Table: 17 %% 0.34
2022-06-30 11:04:49,433 root            INFO     Init episode: 32
2022-06-30 11:06:00,058 root            INFO     Is Done!
2022-06-30 11:06:00,763 root            INFO     Time dif: 68.08521246910095
2022-06-30 11:06:00,763 root            INFO     Epsilon: 0.6524823023620682 :: Episode_reward 86.40000000000002
2022-06-30 11:06:00,763 root            INFO     Total acts: 40 Random: 25 %% 0.625 Q-Table: 15 %% 0.375
2022-06-30 11:06:00,763 root            INFO     Init episode: 33
2022-06-30 11:07:28,400 root            INFO     Is Done!
2022-06-30 11:07:29,085 root            INFO     Time dif: 85.08151650428772
2022-06-30 11:07:29,085 root            INFO     Epsilon: 0.6459574793384475 :: Episode_reward 32.749999999999986
2022-06-30 11:07:29,085 root            INFO     Total acts: 58 Random: 29 %% 0.5 Q-Table: 29 %% 0.5
2022-06-30 11:07:29,085 root            INFO     Init episode: 34
2022-06-30 11:08:57,101 root            INFO     Is Done!
2022-06-30 11:08:57,786 root            INFO     Time dif: 85.49336075782776
2022-06-30 11:08:57,786 root            INFO     Epsilon: 0.6394979045450631 :: Episode_reward 35.20000000000002
2022-06-30 11:08:57,786 root            INFO     Total acts: 59 Random: 34 %% 0.576271186440678 Q-Table: 25 %% 0.423728813559322
2022-06-30 11:08:57,787 root            INFO     Init episode: 35
2022-06-30 11:10:22,589 root            INFO     Is Done!
2022-06-30 11:10:23,291 root            INFO     Time dif: 82.24937558174133
2022-06-30 11:10:23,291 root            INFO     Epsilon: 0.6331029254996124 :: Episode_reward -26.45
2022-06-30 11:10:23,291 root            INFO     Total acts: 63 Random: 35 %% 0.5555555555555556 Q-Table: 28 %% 0.4444444444444444
2022-06-30 11:10:23,291 root            INFO     Init episode: 36
2022-06-30 11:11:38,676 root            INFO     Is Done!
2022-06-30 11:11:39,395 root            INFO     Time dif: 72.82193922996521
2022-06-30 11:11:39,395 root            INFO     Epsilon: 0.6267718962446163 :: Episode_reward -0.1500000000000039
2022-06-30 11:11:39,395 root            INFO     Total acts: 53 Random: 36 %% 0.6792452830188679 Q-Table: 17 %% 0.32075471698113206
2022-06-30 11:11:39,395 root            INFO     Init episode: 37
2022-06-30 11:13:17,097 root            INFO     Is Done!
2022-06-30 11:13:17,796 root            INFO     Time dif: 95.17714595794678
2022-06-30 11:13:17,796 root            INFO     Epsilon: 0.6205041772821701 :: Episode_reward 2.6499999999999932
2022-06-30 11:13:17,796 root            INFO     Total acts: 69 Random: 41 %% 0.5942028985507246 Q-Table: 28 %% 0.4057971014492754
2022-06-30 11:13:17,796 root            INFO     Init episode: 38
2022-06-30 11:14:24,548 root            INFO     Is Done!
2022-06-30 11:14:25,253 root            INFO     Time dif: 64.22704672813416
2022-06-30 11:14:25,253 root            INFO     Epsilon: 0.6142991355093484 :: Episode_reward 26.349999999999987
2022-06-30 11:14:25,253 root            INFO     Total acts: 44 Random: 29 %% 0.6590909090909091 Q-Table: 15 %% 0.3409090909090909
2022-06-30 11:14:25,254 root            INFO     Init episode: 39
2022-06-30 11:15:46,823 root            INFO     Is Done!
2022-06-30 11:15:47,533 root            INFO     Time dif: 78.99301505088806
2022-06-30 11:15:47,533 root            INFO     Epsilon: 0.608156144154255 :: Episode_reward 52.0
2022-06-30 11:15:47,533 root            INFO     Total acts: 52 Random: 32 %% 0.6153846153846154 Q-Table: 20 %% 0.38461538461538464
2022-06-30 11:15:47,533 root            INFO     Init episode: 40
2022-06-30 11:16:54,402 root            INFO     Is Done!
2022-06-30 11:16:55,099 root            INFO     Time dif: 64.2893226146698
2022-06-30 11:16:55,099 root            INFO     Epsilon: 0.6020745827127124 :: Episode_reward 26.449999999999985
2022-06-30 11:16:55,099 root            INFO     Total acts: 44 Random: 24 %% 0.5454545454545454 Q-Table: 20 %% 0.45454545454545453
2022-06-30 11:16:55,099 root            INFO     Init episode: 41
2022-06-30 11:19:03,187 root            INFO     Unknown location error
2022-06-30 11:19:04,001 root            INFO     Time dif: 126.78296327590942
2022-06-30 11:19:04,001 root            INFO     Epsilon: 0.5960538368855853 :: Episode_reward -79713.5
2022-06-30 11:19:04,001 root            INFO     Total acts: 84 Random: 46 %% 0.5476190476190477 Q-Table: 38 %% 0.4523809523809524
2022-06-30 11:19:04,002 root            INFO     Init episode: 42
2022-06-30 11:20:17,285 root            INFO     Is Done!
2022-06-30 11:20:18,013 root            INFO     Time dif: 70.67562460899353
2022-06-30 11:20:18,014 root            INFO     Epsilon: 0.5900932985167294 :: Episode_reward 77.39999999999999
2022-06-30 11:20:18,014 root            INFO     Total acts: 43 Random: 28 %% 0.6511627906976745 Q-Table: 15 %% 0.3488372093023256
2022-06-30 11:20:18,014 root            INFO     Init episode: 43
2022-06-30 11:21:28,121 root            INFO     Is Done!
2022-06-30 11:21:28,830 root            INFO     Time dif: 67.55527353286743
2022-06-30 11:21:28,830 root            INFO     Epsilon: 0.5841923655315622 :: Episode_reward 13.799999999999997
2022-06-30 11:21:28,830 root            INFO     Total acts: 48 Random: 38 %% 0.7916666666666666 Q-Table: 10 %% 0.20833333333333334
2022-06-30 11:21:28,830 root            INFO     Init episode: 44
2022-06-30 11:22:49,766 root            INFO     Is Done!
2022-06-30 11:22:50,470 root            INFO     Time dif: 78.41613841056824
2022-06-30 11:22:50,470 root            INFO     Epsilon: 0.5783504418762465 :: Episode_reward -16.000000000000025
2022-06-30 11:22:50,470 root            INFO     Total acts: 59 Random: 30 %% 0.5084745762711864 Q-Table: 29 %% 0.4915254237288136
2022-06-30 11:22:50,470 root            INFO     Init episode: 45
2022-06-30 11:24:04,196 root            INFO     Is Done!
2022-06-30 11:24:04,897 root            INFO     Time dif: 71.21121716499329
2022-06-30 11:24:04,897 root            INFO     Epsilon: 0.572566937457484 :: Episode_reward 71.84999999999998
2022-06-30 11:24:04,897 root            INFO     Total acts: 44 Random: 27 %% 0.6136363636363636 Q-Table: 17 %% 0.38636363636363635
2022-06-30 11:24:04,897 root            INFO     Init episode: 46
2022-06-30 11:25:15,169 root            INFO     Is Done!
2022-06-30 11:25:15,869 root            INFO     Time dif: 67.69648814201355
2022-06-30 11:25:15,869 root            INFO     Epsilon: 0.5668412680829091 :: Episode_reward 14.099999999999982
2022-06-30 11:25:15,869 root            INFO     Total acts: 48 Random: 29 %% 0.6041666666666666 Q-Table: 19 %% 0.3958333333333333
2022-06-30 11:25:15,869 root            INFO     Init episode: 47
2022-06-30 11:26:43,357 root            INFO     Is Done!
2022-06-30 11:26:44,069 root            INFO     Time dif: 84.98329305648804
2022-06-30 11:26:44,069 root            INFO     Epsilon: 0.5611728554020801 :: Episode_reward 33.79999999999998
2022-06-30 11:26:44,069 root            INFO     Total acts: 58 Random: 37 %% 0.6379310344827587 Q-Table: 21 %% 0.3620689655172414
2022-06-30 11:26:44,069 root            INFO     Init episode: 48
2022-06-30 11:28:10,112 root            INFO     Is Done!
2022-06-30 11:28:10,804 root            INFO     Time dif: 83.4446816444397
2022-06-30 11:28:10,804 root            INFO     Epsilon: 0.5555611268480593 :: Episode_reward 42.45000000000002
2022-06-30 11:28:10,804 root            INFO     Total acts: 56 Random: 34 %% 0.6071428571428571 Q-Table: 22 %% 0.39285714285714285
2022-06-30 11:28:10,805 root            INFO     Init episode: 49
2022-06-30 11:29:09,601 root            INFO     Is Done!
2022-06-30 11:29:10,283 root            INFO     Time dif: 56.25377297401428
2022-06-30 11:29:10,283 root            INFO     Epsilon: 0.5500055155795787 :: Episode_reward 50.35000000000001
2022-06-30 11:29:10,283 root            INFO     Total acts: 36 Random: 21 %% 0.5833333333333334 Q-Table: 15 %% 0.4166666666666667
2022-06-30 11:29:10,283 root            INFO     Init episode: 50
2022-06-30 11:30:34,432 root            INFO     Is Done!
2022-06-30 11:30:35,153 root            INFO     Time dif: 81.61720156669617
2022-06-30 11:30:35,153 root            INFO     Epsilon: 0.5445054604237829 :: Episode_reward 45.3
2022-06-30 11:30:35,153 root            INFO     Total acts: 54 Random: 35 %% 0.6481481481481481 Q-Table: 19 %% 0.35185185185185186
2022-06-30 11:30:35,153 root            INFO     Init episode: 51
2022-06-30 11:31:48,640 root            INFO     Is Done!
2022-06-30 11:31:49,335 root            INFO     Time dif: 70.86460614204407
2022-06-30 11:31:49,335 root            INFO     Epsilon: 0.5390604058195451 :: Episode_reward 77.09999999999998
2022-06-30 11:31:49,335 root            INFO     Total acts: 43 Random: 18 %% 0.4186046511627907 Q-Table: 25 %% 0.5813953488372093
2022-06-30 11:31:49,335 root            INFO     Init episode: 52
2022-06-30 11:33:30,353 root            INFO     Is Done!
2022-06-30 11:33:31,055 root            INFO     Time dif: 98.49167037010193
2022-06-30 11:33:31,055 root            INFO     Epsilon: 0.5336698017613496 :: Episode_reward -8.05000000000003
2022-06-30 11:33:31,055 root            INFO     Total acts: 72 Random: 40 %% 0.5555555555555556 Q-Table: 32 %% 0.4444444444444444
2022-06-30 11:33:31,055 root            INFO     Init episode: 53
2022-06-30 11:34:39,163 root            INFO     Unknown location error
2022-06-30 11:34:39,868 root            INFO     Time dif: 66.88975715637207
2022-06-30 11:34:39,868 root            INFO     Epsilon: 0.5283331037437361 :: Episode_reward -80021.05
2022-06-30 11:34:39,868 root            INFO     Total acts: 50 Random: 26 %% 0.52 Q-Table: 24 %% 0.48
2022-06-30 11:34:39,869 root            INFO     Init episode: 54
2022-06-30 11:36:20,124 root            INFO     Is Done!
2022-06-30 11:36:20,838 root            INFO     Time dif: 97.7506651878357
2022-06-30 11:36:20,838 root            INFO     Epsilon: 0.5230497727062987 :: Episode_reward 1.3999999999999915
2022-06-30 11:36:20,838 root            INFO     Total acts: 71 Random: 40 %% 0.5633802816901409 Q-Table: 31 %% 0.43661971830985913
2022-06-30 11:36:20,838 root            INFO     Init episode: 55
2022-06-30 11:37:48,710 root            INFO     Is Done!
2022-06-30 11:37:49,395 root            INFO     Time dif: 85.30941987037659
2022-06-30 11:37:49,395 root            INFO     Epsilon: 0.5178192749792357 :: Episode_reward -40.85000000000002
2022-06-30 11:37:49,395 root            INFO     Total acts: 66 Random: 33 %% 0.5 Q-Table: 33 %% 0.5
2022-06-30 11:37:49,395 root            INFO     Init episode: 56
2022-06-30 11:38:41,803 root            INFO     Unknown location error
2022-06-30 11:38:42,492 root            INFO     Time dif: 51.1217782497406
2022-06-30 11:38:42,492 root            INFO     Epsilon: 0.5126410822294434 :: Episode_reward -79940.95
2022-06-30 11:38:42,492 root            INFO     Total acts: 30 Random: 15 %% 0.5 Q-Table: 15 %% 0.5
2022-06-30 11:38:42,492 root            INFO     Init episode: 57
2022-06-30 11:40:13,710 root            INFO     Is Done!
2022-06-30 11:40:14,394 root            INFO     Time dif: 88.63541507720947
2022-06-30 11:40:14,394 root            INFO     Epsilon: 0.5075146714071489 :: Episode_reward 29.250000000000004
2022-06-30 11:40:14,394 root            INFO     Total acts: 61 Random: 32 %% 0.5245901639344263 Q-Table: 29 %% 0.47540983606557374
2022-06-30 11:40:14,394 root            INFO     Init episode: 58
2022-06-30 11:41:34,534 root            INFO     Is Done!
2022-06-30 11:41:35,210 root            INFO     Time dif: 77.58033752441406
2022-06-30 11:41:35,210 root            INFO     Epsilon: 0.5024395246930774 :: Episode_reward 60.799999999999955
2022-06-30 11:41:35,210 root            INFO     Total acts: 50 Random: 32 %% 0.64 Q-Table: 18 %% 0.36
2022-06-30 11:41:35,210 root            INFO     Init episode: 59
2022-06-30 11:42:28,824 root            INFO     Is Done!
2022-06-30 11:42:29,509 root            INFO     Time dif: 51.0605890750885
2022-06-30 11:42:29,509 root            INFO     Epsilon: 0.49741512944614663 :: Episode_reward 67.4
2022-06-30 11:42:29,509 root            INFO     Total acts: 30 Random: 15 %% 0.5 Q-Table: 15 %% 0.5
2022-06-30 11:42:29,509 root            INFO     Init episode: 60
2022-06-30 11:43:45,760 root            INFO     Is Done!
2022-06-30 11:43:46,539 root            INFO     Time dif: 73.70639729499817
2022-06-30 11:43:46,539 root            INFO     Epsilon: 0.49244097815168514 :: Episode_reward -2.8000000000000167
2022-06-30 11:43:46,539 root            INFO     Total acts: 54 Random: 30 %% 0.5555555555555556 Q-Table: 24 %% 0.4444444444444444
2022-06-30 11:43:46,539 root            INFO     Init episode: 61
2022-06-30 11:44:34,883 root            INFO     Is Done!
2022-06-30 11:44:35,599 root            INFO     Time dif: 45.80328059196472
2022-06-30 11:44:35,599 root            INFO     Epsilon: 0.48751656837016827 :: Episode_reward 82.95
2022-06-30 11:44:35,599 root            INFO     Total acts: 25 Random: 14 %% 0.56 Q-Table: 11 %% 0.44
2022-06-30 11:44:35,599 root            INFO     Init episode: 62
2022-06-30 11:46:25,689 root            INFO     Is Done!
2022-06-30 11:46:26,376 root            INFO     Time dif: 107.57406997680664
2022-06-30 11:46:26,376 root            INFO     Epsilon: 0.4826414026864666 :: Episode_reward -82.04999999999995
2022-06-30 11:46:26,376 root            INFO     Total acts: 88 Random: 43 %% 0.48863636363636365 Q-Table: 45 %% 0.5113636363636364
2022-06-30 11:46:26,376 root            INFO     Init episode: 63
2022-06-30 11:48:01,750 root            INFO     Is Done!
2022-06-30 11:48:02,424 root            INFO     Time dif: 92.71528148651123
2022-06-30 11:48:02,425 root            INFO     Epsilon: 0.4778149886596019 :: Episode_reward 14.699999999999989
2022-06-30 11:48:02,425 root            INFO     Total acts: 66 Random: 34 %% 0.5151515151515151 Q-Table: 32 %% 0.48484848484848486
2022-06-30 11:48:02,425 root            INFO     Init episode: 64
2022-06-30 11:49:51,416 root            INFO     Is Done!
2022-06-30 11:49:52,126 root            INFO     Time dif: 106.41596984863281
2022-06-30 11:49:52,126 root            INFO     Epsilon: 0.4730368387730059 :: Episode_reward -17.39999999999998
2022-06-30 11:49:52,126 root            INFO     Total acts: 79 Random: 40 %% 0.5063291139240507 Q-Table: 39 %% 0.4936708860759494
2022-06-30 11:49:52,126 root            INFO     Init episode: 65
2022-06-30 11:51:04,917 root            INFO     Is Done!
2022-06-30 11:51:05,604 root            INFO     Time dif: 70.27138376235962
2022-06-30 11:51:05,604 root            INFO     Epsilon: 0.46830647038527584 :: Episode_reward 11.600000000000005
2022-06-30 11:51:05,604 root            INFO     Total acts: 50 Random: 25 %% 0.5 Q-Table: 25 %% 0.5
2022-06-30 11:51:05,604 root            INFO     Init episode: 66
2022-06-30 11:52:08,524 root            INFO     Is Done!
2022-06-30 11:52:09,245 root            INFO     Time dif: 60.390586853027344
2022-06-30 11:52:09,245 root            INFO     Epsilon: 0.4636234056814231 :: Episode_reward 38.8
2022-06-30 11:52:09,245 root            INFO     Total acts: 40 Random: 24 %% 0.6 Q-Table: 16 %% 0.4
2022-06-30 11:52:09,245 root            INFO     Init episode: 67
2022-06-30 11:53:35,713 root            INFO     Is Done!
2022-06-30 11:53:36,419 root            INFO     Time dif: 83.96830892562866
2022-06-30 11:53:36,419 root            INFO     Epsilon: 0.45898717162460884 :: Episode_reward -28.65000000000003
2022-06-30 11:53:36,419 root            INFO     Total acts: 64 Random: 26 %% 0.40625 Q-Table: 38 %% 0.59375
2022-06-30 11:53:36,419 root            INFO     Init episode: 68
2022-06-30 11:55:21,589 root            INFO     Is Done!
2022-06-30 11:55:22,284 root            INFO     Time dif: 102.6511902809143
2022-06-30 11:55:22,284 root            INFO     Epsilon: 0.45439729990836275 :: Episode_reward -15.650000000000002
2022-06-30 11:55:22,284 root            INFO     Total acts: 76 Random: 39 %% 0.5131578947368421 Q-Table: 37 %% 0.4868421052631579
2022-06-30 11:55:22,284 root            INFO     Init episode: 69
2022-06-30 11:56:50,199 root            INFO     Is Done!
2022-06-30 11:56:50,894 root            INFO     Time dif: 85.42901682853699
2022-06-30 11:56:50,894 root            INFO     Epsilon: 0.4498533269092791 :: Episode_reward -32.55000000000001
2022-06-30 11:56:50,894 root            INFO     Total acts: 66 Random: 38 %% 0.5757575757575758 Q-Table: 28 %% 0.42424242424242425
2022-06-30 11:56:50,894 root            INFO     Init episode: 70
2022-06-30 11:58:41,630 root            INFO     Is Done!
2022-06-30 11:58:42,335 root            INFO     Time dif: 108.19978165626526
2022-06-30 11:58:42,336 root            INFO     Epsilon: 0.4453547936401863 :: Episode_reward -104.24999999999999
2022-06-30 11:58:42,336 root            INFO     Total acts: 89 Random: 42 %% 0.47191011235955055 Q-Table: 47 %% 0.5280898876404494
2022-06-30 11:58:42,336 root            INFO     Init episode: 71
2022-06-30 11:59:58,369 root            INFO     Is Done!
2022-06-30 11:59:59,076 root            INFO     Time dif: 73.45693969726562
2022-06-30 11:59:59,076 root            INFO     Epsilon: 0.4409012457037845 :: Episode_reward 0.7999999999999972
2022-06-30 11:59:59,076 root            INFO     Total acts: 53 Random: 15 %% 0.2830188679245283 Q-Table: 38 %% 0.7169811320754716
2022-06-30 11:59:59,076 root            INFO     Init episode: 72
2022-06-30 12:02:23,574 root            INFO     Is Done!
2022-06-30 12:02:24,295 root            INFO     Time dif: 141.89104294776917
2022-06-30 12:02:24,295 root            INFO     Epsilon: 0.43649223324674663 :: Episode_reward -129.69999999999996
2022-06-30 12:02:24,295 root            INFO     Total acts: 116 Random: 53 %% 0.45689655172413796 Q-Table: 63 %% 0.5431034482758621
2022-06-30 12:02:24,296 root            INFO     Init episode: 73
2022-06-30 12:03:57,554 root            INFO     Is Done!
2022-06-30 12:03:58,250 root            INFO     Time dif: 90.76605319976807
2022-06-30 12:03:58,250 root            INFO     Epsilon: 0.43212731091427914 :: Episode_reward -53.400000000000006
2022-06-30 12:03:58,250 root            INFO     Total acts: 71 Random: 37 %% 0.5211267605633803 Q-Table: 34 %% 0.4788732394366197
2022-06-30 12:03:58,251 root            INFO     Init episode: 74
2022-06-30 12:06:05,012 root            INFO     Is Done!
2022-06-30 12:06:05,696 root            INFO     Time dif: 124.18528294563293
2022-06-30 12:06:05,696 root            INFO     Epsilon: 0.4278060378051363 :: Episode_reward -150.0500000000001
2022-06-30 12:06:05,696 root            INFO     Total acts: 105 Random: 40 %% 0.38095238095238093 Q-Table: 65 %% 0.6190476190476191
2022-06-30 12:06:05,696 root            INFO     Init episode: 75
2022-06-30 12:07:45,852 root            INFO     Is Done!
2022-06-30 12:07:46,555 root            INFO     Time dif: 97.6147997379303
2022-06-30 12:07:46,556 root            INFO     Epsilon: 0.423527977427085 :: Episode_reward -68.2
2022-06-30 12:07:46,556 root            INFO     Total acts: 78 Random: 32 %% 0.41025641025641024 Q-Table: 46 %% 0.5897435897435898
2022-06-30 12:07:46,556 root            INFO     Init episode: 76
2022-06-30 12:08:44,558 root            INFO     Is Done!
2022-06-30 12:08:45,264 root            INFO     Time dif: 55.47200417518616
2022-06-30 12:08:45,264 root            INFO     Epsilon: 0.41929269765281413 :: Episode_reward 54.05000000000001
2022-06-30 12:08:45,264 root            INFO     Total acts: 35 Random: 19 %% 0.5428571428571428 Q-Table: 16 %% 0.45714285714285713
2022-06-30 12:08:45,264 root            INFO     Init episode: 77
2022-06-30 12:09:53,088 root            INFO     Is Done!
2022-06-30 12:09:53,769 root            INFO     Time dif: 65.29942965507507
2022-06-30 12:09:53,769 root            INFO     Epsilon: 0.415099770676286 :: Episode_reward 24.999999999999982
2022-06-30 12:09:53,769 root            INFO     Total acts: 45 Random: 25 %% 0.5555555555555556 Q-Table: 20 %% 0.4444444444444444
2022-06-30 12:09:53,769 root            INFO     Init episode: 78
2022-06-30 12:11:45,681 root            INFO     Is Done!
2022-06-30 12:11:46,380 root            INFO     Time dif: 109.40192008018494
2022-06-30 12:11:46,380 root            INFO     Epsilon: 0.41094877296952315 :: Episode_reward -99.34999999999991
2022-06-30 12:11:46,380 root            INFO     Total acts: 90 Random: 40 %% 0.4444444444444444 Q-Table: 50 %% 0.5555555555555556
2022-06-30 12:11:46,380 root            INFO     Init episode: 79
2022-06-30 12:14:18,748 root            INFO     Is Done!
2022-06-30 12:14:19,425 root            INFO     Time dif: 149.8578143119812
2022-06-30 12:14:19,425 root            INFO     Epsilon: 0.40683928523982793 :: Episode_reward -225.74999999999994
2022-06-30 12:14:19,425 root            INFO     Total acts: 130 Random: 48 %% 0.36923076923076925 Q-Table: 82 %% 0.6307692307692307
2022-06-30 12:14:19,426 root            INFO     Init episode: 80
2022-06-30 12:16:07,538 root            INFO     Is Done!
2022-06-30 12:16:08,228 root            INFO     Time dif: 105.61025309562683
2022-06-30 12:16:08,228 root            INFO     Epsilon: 0.40277089238742964 :: Episode_reward -96.14999999999993
2022-06-30 12:16:08,228 root            INFO     Total acts: 86 Random: 37 %% 0.43023255813953487 Q-Table: 49 %% 0.5697674418604651
2022-06-30 12:16:08,228 root            INFO     Init episode: 81
2022-06-30 12:17:41,049 root            INFO     Is Done!
2022-06-30 12:17:41,710 root            INFO     Time dif: 90.28881454467773
2022-06-30 12:17:41,710 root            INFO     Epsilon: 0.39874318346355536 :: Episode_reward -48.35000000000002
2022-06-30 12:17:41,710 root            INFO     Total acts: 71 Random: 32 %% 0.4507042253521127 Q-Table: 39 %% 0.5492957746478874
2022-06-30 12:17:41,711 root            INFO     Init episode: 82
2022-06-30 12:19:34,232 root            INFO     Is Done!
2022-06-30 12:19:34,887 root            INFO     Time dif: 109.97476649284363
2022-06-30 12:19:34,887 root            INFO     Epsilon: 0.3947557516289198 :: Episode_reward -114.2
2022-06-30 12:19:34,887 root            INFO     Total acts: 92 Random: 29 %% 0.31521739130434784 Q-Table: 63 %% 0.6847826086956522
2022-06-30 12:19:34,887 root            INFO     Init episode: 83
2022-06-30 12:21:13,761 root            INFO     Is Done!
2022-06-30 12:21:14,449 root            INFO     Time dif: 96.35429883003235
2022-06-30 12:21:14,449 root            INFO     Epsilon: 0.39080819411263057 :: Episode_reward -76.69999999999997
2022-06-30 12:21:14,449 root            INFO     Total acts: 78 Random: 24 %% 0.3076923076923077 Q-Table: 54 %% 0.6923076923076923
2022-06-30 12:21:14,449 root            INFO     Init episode: 84
2022-06-30 12:22:42,837 root            INFO     Is Done!
2022-06-30 12:22:43,515 root            INFO     Time dif: 85.60526609420776
2022-06-30 12:22:43,515 root            INFO     Epsilon: 0.3869001121715043 :: Episode_reward -41.14999999999999
2022-06-30 12:22:43,515 root            INFO     Total acts: 67 Random: 28 %% 0.417910447761194 Q-Table: 39 %% 0.582089552238806
2022-06-30 12:22:43,515 root            INFO     Init episode: 85
2022-06-30 12:24:15,178 root            INFO     Is Done!
2022-06-30 12:24:15,837 root            INFO     Time dif: 89.14876794815063
2022-06-30 12:24:15,837 root            INFO     Epsilon: 0.3830311110497892 :: Episode_reward -48.8
2022-06-30 12:24:15,837 root            INFO     Total acts: 71 Random: 28 %% 0.39436619718309857 Q-Table: 43 %% 0.6056338028169014
2022-06-30 12:24:15,837 root            INFO     Init episode: 86
2022-06-30 12:25:37,397 root            INFO     Is Done!
2022-06-30 12:25:38,067 root            INFO     Time dif: 79.04868626594543
2022-06-30 12:25:38,067 root            INFO     Epsilon: 0.3792007999392913 :: Episode_reward -19.70000000000002
2022-06-30 12:25:38,067 root            INFO     Total acts: 60 Random: 25 %% 0.4166666666666667 Q-Table: 35 %% 0.5833333333333334
2022-06-30 12:25:38,067 root            INFO     Init episode: 87
2022-06-30 12:26:59,436 root            INFO     Is Done!
2022-06-30 12:27:00,093 root            INFO     Time dif: 78.85834288597107
2022-06-30 12:27:00,093 root            INFO     Epsilon: 0.37540879193989835 :: Episode_reward -22.550000000000015
2022-06-30 12:27:00,093 root            INFO     Total acts: 60 Random: 28 %% 0.4666666666666667 Q-Table: 32 %% 0.5333333333333333
2022-06-30 12:27:00,093 root            INFO     Init episode: 88
2022-06-30 12:29:03,543 root            INFO     Is Done!
2022-06-30 12:29:04,211 root            INFO     Time dif: 120.92555856704712
2022-06-30 12:29:04,211 root            INFO     Epsilon: 0.3716547040204994 :: Episode_reward -141.7999999999999
2022-06-30 12:29:04,211 root            INFO     Total acts: 104 Random: 33 %% 0.3173076923076923 Q-Table: 71 %% 0.6826923076923077
2022-06-30 12:29:04,211 root            INFO     Init episode: 89
2022-06-30 12:31:28,826 root            INFO     Is Done!
2022-06-30 12:31:29,486 root            INFO     Time dif: 142.0933632850647
2022-06-30 12:31:29,486 root            INFO     Epsilon: 0.36793815698029436 :: Episode_reward -133.55
2022-06-30 12:31:29,486 root            INFO     Total acts: 119 Random: 51 %% 0.42857142857142855 Q-Table: 68 %% 0.5714285714285714
2022-06-30 12:31:29,486 root            INFO     Init episode: 90
2022-06-30 12:33:23,496 root            INFO     Is Done!
2022-06-30 12:33:24,179 root            INFO     Time dif: 111.39287519454956
2022-06-30 12:33:24,180 root            INFO     Epsilon: 0.3642587754104914 :: Episode_reward -99.69999999999987
2022-06-30 12:33:24,180 root            INFO     Total acts: 94 Random: 43 %% 0.4574468085106383 Q-Table: 51 %% 0.5425531914893617
2022-06-30 12:33:24,180 root            INFO     Init episode: 91
2022-06-30 12:35:13,870 root            INFO     Is Done!
2022-06-30 12:35:14,539 root            INFO     Time dif: 107.17245292663574
2022-06-30 12:35:14,539 root            INFO     Epsilon: 0.3606161876563865 :: Episode_reward -97.39999999999989
2022-06-30 12:35:14,539 root            INFO     Total acts: 89 Random: 35 %% 0.39325842696629215 Q-Table: 54 %% 0.6067415730337079
2022-06-30 12:35:14,539 root            INFO     Init episode: 92
2022-06-30 12:37:24,428 root            INFO     Is Done!
2022-06-30 12:37:25,097 root            INFO     Time dif: 127.36185240745544
2022-06-30 12:37:25,097 root            INFO     Epsilon: 0.3570100257798226 :: Episode_reward -83.9999999999999
2022-06-30 12:37:25,097 root            INFO     Total acts: 103 Random: 45 %% 0.4368932038834951 Q-Table: 58 %% 0.5631067961165048
2022-06-30 12:37:25,097 root            INFO     Init episode: 93
2022-06-30 12:38:54,406 root            INFO     Is Done!
2022-06-30 12:38:55,074 root            INFO     Time dif: 86.78096079826355
2022-06-30 12:38:55,074 root            INFO     Epsilon: 0.35343992552202436 :: Episode_reward -38.20000000000003
2022-06-30 12:38:55,074 root            INFO     Total acts: 68 Random: 27 %% 0.39705882352941174 Q-Table: 41 %% 0.6029411764705882
2022-06-30 12:38:55,074 root            INFO     Init episode: 94
2022-06-30 12:41:36,933 root            INFO     Is Done!
2022-06-30 12:41:37,604 root            INFO     Time dif: 159.27555537223816
2022-06-30 12:41:37,604 root            INFO     Epsilon: 0.3499055262668041 :: Episode_reward -183.90000000000006
2022-06-30 12:41:37,605 root            INFO     Total acts: 136 Random: 44 %% 0.3235294117647059 Q-Table: 92 %% 0.6764705882352942
2022-06-30 12:41:37,605 root            INFO     Init episode: 95
2022-06-30 12:43:12,073 root            INFO     Is Done!
2022-06-30 12:43:12,733 root            INFO     Time dif: 91.84509420394897
2022-06-30 12:43:12,733 root            INFO     Epsilon: 0.3464064710041361 :: Episode_reward -61.199999999999974
2022-06-30 12:43:12,733 root            INFO     Total acts: 73 Random: 25 %% 0.3424657534246575 Q-Table: 48 %% 0.6575342465753424
2022-06-30 12:43:12,733 root            INFO     Init episode: 96
2022-06-30 12:44:09,208 root            INFO     Unknown location error
2022-06-30 12:44:09,918 root            INFO     Time dif: 55.13959455490112
2022-06-30 12:44:09,918 root            INFO     Epsilon: 0.3429424062940947 :: Episode_reward -80036.0
2022-06-30 12:44:09,918 root            INFO     Total acts: 43 Random: 13 %% 0.3023255813953488 Q-Table: 30 %% 0.6976744186046512
2022-06-30 12:44:09,918 root            INFO     Init episode: 97
2022-06-30 12:46:06,858 root            INFO     Is Done!
2022-06-30 12:46:07,516 root            INFO     Time dif: 114.38548278808594
2022-06-30 12:46:07,516 root            INFO     Epsilon: 0.3395129822311538 :: Episode_reward -83.99999999999993
2022-06-30 12:46:07,516 root            INFO     Total acts: 90 Random: 31 %% 0.34444444444444444 Q-Table: 59 %% 0.6555555555555556
2022-06-30 12:46:07,516 root            INFO     Init episode: 98
2022-06-30 12:48:30,226 root            INFO     Is Done!
2022-06-30 12:48:30,908 root            INFO     Time dif: 140.06682300567627
2022-06-30 12:48:30,908 root            INFO     Epsilon: 0.33611785240884223 :: Episode_reward -166.15000000000006
2022-06-30 12:48:30,908 root            INFO     Total acts: 116 Random: 39 %% 0.33620689655172414 Q-Table: 77 %% 0.6637931034482759
2022-06-30 12:48:30,908 root            INFO     Init episode: 99
2022-06-30 12:50:54,480 root            INFO     Is Done!
2022-06-30 12:50:55,171 root            INFO     Time dif: 141.02757096290588
2022-06-30 12:50:55,171 root            INFO     Epsilon: 0.33275667388475383 :: Episode_reward -203.59999999999997
2022-06-30 12:50:55,171 root            INFO     Total acts: 121 Random: 35 %% 0.2892561983471074 Q-Table: 86 %% 0.7107438016528925
2022-06-30 12:50:55,171 root            INFO     Init episode: 100
2022-06-30 12:53:16,744 root            INFO     Is Done!
2022-06-30 12:53:17,453 root            INFO     Time dif: 139.051105260849
2022-06-30 12:53:17,454 root            INFO     Epsilon: 0.3294291071459063 :: Episode_reward -190.60000000000005
2022-06-30 12:53:17,454 root            INFO     Total acts: 120 Random: 36 %% 0.3 Q-Table: 84 %% 0.7
2022-06-30 12:53:17,454 root            INFO     Init episode: 101
2022-06-30 12:54:50,520 root            INFO     Is Done!
2022-06-30 12:54:51,220 root            INFO     Time dif: 90.4932849407196
2022-06-30 12:54:51,220 root            INFO     Epsilon: 0.3261348160744472 :: Episode_reward 21.599999999999994
2022-06-30 12:54:51,220 root            INFO     Total acts: 63 Random: 17 %% 0.2698412698412698 Q-Table: 46 %% 0.7301587301587301
2022-06-30 12:54:51,221 root            INFO     Init episode: 102
2022-06-30 12:57:40,271 root            INFO     Is Done!
2022-06-30 12:57:40,958 root            INFO     Time dif: 166.5318157672882
2022-06-30 12:57:40,958 root            INFO     Epsilon: 0.32287346791370275 :: Episode_reward -274.50000000000045
2022-06-30 12:57:40,958 root            INFO     Total acts: 148 Random: 44 %% 0.2972972972972973 Q-Table: 104 %% 0.7027027027027027
2022-06-30 12:57:40,958 root            INFO     Init episode: 103
2022-06-30 13:00:19,227 root            INFO     Is Done!
2022-06-30 13:00:19,929 root            INFO     Time dif: 155.72118496894836
2022-06-30 13:00:19,929 root            INFO     Epsilon: 0.3196447332345657 :: Episode_reward -250.45000000000022
2022-06-30 13:00:19,929 root            INFO     Total acts: 137 Random: 38 %% 0.2773722627737226 Q-Table: 99 %% 0.7226277372262774
2022-06-30 13:00:19,929 root            INFO     Init episode: 104
2022-06-30 13:02:07,886 root            INFO     Is Done!
2022-06-30 13:02:08,595 root            INFO     Time dif: 105.39866638183594
2022-06-30 13:02:08,595 root            INFO     Epsilon: 0.3164482859022201 :: Episode_reward -100.3
2022-06-30 13:02:08,595 root            INFO     Total acts: 86 Random: 30 %% 0.3488372093023256 Q-Table: 56 %% 0.6511627906976745
2022-06-30 13:02:08,595 root            INFO     Init episode: 105
2022-06-30 13:03:36,401 root            INFO     Is Done!
2022-06-30 13:03:37,091 root            INFO     Time dif: 85.2798707485199
2022-06-30 13:03:37,091 root            INFO     Epsilon: 0.31328380304319786 :: Episode_reward 38.0
2022-06-30 13:03:37,091 root            INFO     Total acts: 57 Random: 18 %% 0.3157894736842105 Q-Table: 39 %% 0.6842105263157895
2022-06-30 13:03:37,091 root            INFO     Init episode: 106
2022-06-30 13:04:44,664 root            INFO     Unknown location error
2022-06-30 13:04:45,393 root            INFO     Time dif: 66.28239130973816
2022-06-30 13:04:45,394 root            INFO     Epsilon: 0.3101509650127659 :: Episode_reward -80019.5
2022-06-30 13:04:45,394 root            INFO     Total acts: 49 Random: 16 %% 0.32653061224489793 Q-Table: 33 %% 0.673469387755102
2022-06-30 13:04:45,394 root            INFO     Init episode: 107
2022-06-30 13:06:16,165 root            INFO     Is Done!
2022-06-30 13:06:16,850 root            INFO     Time dif: 88.21486639976501
2022-06-30 13:06:16,850 root            INFO     Epsilon: 0.3070494553626382 :: Episode_reward -29.349999999999984
2022-06-30 13:06:16,850 root            INFO     Total acts: 67 Random: 21 %% 0.31343283582089554 Q-Table: 46 %% 0.6865671641791045
2022-06-30 13:06:16,850 root            INFO     Init episode: 108
2022-06-30 13:09:15,168 root            INFO     Is Done!
2022-06-30 13:09:15,848 root            INFO     Time dif: 175.76865696907043
2022-06-30 13:09:15,848 root            INFO     Epsilon: 0.3039789608090118 :: Episode_reward -294.40000000000015
2022-06-30 13:09:15,848 root            INFO     Total acts: 157 Random: 38 %% 0.24203821656050956 Q-Table: 119 %% 0.7579617834394905
2022-06-30 13:09:15,848 root            INFO     Init episode: 109
2022-06-30 13:10:59,838 root            INFO     Is Done!
2022-06-30 13:11:00,547 root            INFO     Time dif: 101.45540261268616
2022-06-30 13:11:00,602 root            INFO     Epsilon: 0.30093917120092173 :: Episode_reward -80.64999999999996
2022-06-30 13:11:00,602 root            INFO     Total acts: 82 Random: 33 %% 0.4024390243902439 Q-Table: 49 %% 0.5975609756097561
2022-06-30 13:11:00,602 root            INFO     Init episode: 110
2022-06-30 13:12:39,865 root            INFO     Is Done!
2022-06-30 13:12:40,552 root            INFO     Time dif: 96.73401141166687
2022-06-30 13:12:40,552 root            INFO     Epsilon: 0.2979297794889125 :: Episode_reward -68.19999999999995
2022-06-30 13:12:40,552 root            INFO     Total acts: 77 Random: 25 %% 0.3246753246753247 Q-Table: 52 %% 0.6753246753246753
2022-06-30 13:12:40,552 root            INFO     Init episode: 111
2022-06-30 13:15:20,915 root            INFO     Is Done!
2022-06-30 13:15:21,613 root            INFO     Time dif: 157.8249008655548
2022-06-30 13:15:21,613 root            INFO     Epsilon: 0.2949504816940234 :: Episode_reward -249.20000000000005
2022-06-30 13:15:21,613 root            INFO     Total acts: 139 Random: 38 %% 0.2733812949640288 Q-Table: 101 %% 0.7266187050359713
2022-06-30 13:15:21,613 root            INFO     Init episode: 112
2022-06-30 13:17:06,089 root            INFO     Is Done!
2022-06-30 13:17:06,796 root            INFO     Time dif: 101.87253522872925
2022-06-30 13:17:06,796 root            INFO     Epsilon: 0.29200097687708315 :: Episode_reward -66.09999999999994
2022-06-30 13:17:06,796 root            INFO     Total acts: 81 Random: 23 %% 0.2839506172839506 Q-Table: 58 %% 0.7160493827160493
2022-06-30 13:17:06,796 root            INFO     Init episode: 113
2022-06-30 13:19:18,727 root            INFO     Is Done!
2022-06-30 13:19:19,408 root            INFO     Time dif: 129.41989040374756
2022-06-30 13:19:19,408 root            INFO     Epsilon: 0.2890809671083123 :: Episode_reward -80.29999999999994
2022-06-30 13:19:19,408 root            INFO     Total acts: 102 Random: 31 %% 0.30392156862745096 Q-Table: 71 %% 0.696078431372549
2022-06-30 13:19:19,408 root            INFO     Init episode: 114
2022-06-30 13:22:02,922 root            INFO     Is Done!
2022-06-30 13:22:03,647 root            INFO     Time dif: 160.96195673942566
2022-06-30 13:22:03,647 root            INFO     Epsilon: 0.2861901574372292 :: Episode_reward -175.35000000000005
2022-06-30 13:22:03,647 root            INFO     Total acts: 134 Random: 38 %% 0.2835820895522388 Q-Table: 96 %% 0.7164179104477612
2022-06-30 13:22:03,648 root            INFO     Init episode: 115
2022-06-30 13:24:12,385 root            INFO     Is Done!
2022-06-30 13:24:13,074 root            INFO     Time dif: 126.22763061523438
2022-06-30 13:24:13,074 root            INFO     Epsilon: 0.2833282558628569 :: Episode_reward -67.64999999999995
2022-06-30 13:24:13,074 root            INFO     Total acts: 99 Random: 25 %% 0.25252525252525254 Q-Table: 74 %% 0.7474747474747475
2022-06-30 13:24:13,074 root            INFO     Init episode: 116
2022-06-30 13:25:51,541 root            INFO     Is Done!
2022-06-30 13:25:52,235 root            INFO     Time dif: 95.93540072441101
2022-06-30 13:25:52,235 root            INFO     Epsilon: 0.28049497330422835 :: Episode_reward -54.24999999999997
2022-06-30 13:25:52,235 root            INFO     Total acts: 75 Random: 20 %% 0.26666666666666666 Q-Table: 55 %% 0.7333333333333333
2022-06-30 13:25:52,235 root            INFO     Init episode: 117
2022-06-30 13:27:52,297 root            INFO     Unknown location error
2022-06-30 13:27:53,037 root            INFO     Time dif: 118.7770745754242
2022-06-30 13:27:53,037 root            INFO     Epsilon: 0.27769002357118605 :: Episode_reward -80152.35
2022-06-30 13:27:53,037 root            INFO     Total acts: 100 Random: 27 %% 0.27 Q-Table: 73 %% 0.73
2022-06-30 13:27:53,037 root            INFO     Init episode: 118
2022-06-30 13:29:58,203 root            INFO     Is Done!
2022-06-30 13:29:58,914 root            INFO     Time dif: 122.55495595932007
2022-06-30 13:29:58,946 root            INFO     Epsilon: 0.2749131233354742 :: Episode_reward -133.44999999999985
2022-06-30 13:29:58,946 root            INFO     Total acts: 103 Random: 25 %% 0.24271844660194175 Q-Table: 78 %% 0.7572815533980582
2022-06-30 13:29:58,946 root            INFO     Init episode: 119
2022-06-30 13:32:16,120 root            INFO     Is Done!
2022-06-30 13:32:16,803 root            INFO     Time dif: 134.63950109481812
2022-06-30 13:32:16,803 root            INFO     Epsilon: 0.27216399210211945 :: Episode_reward -100.14999999999993
2022-06-30 13:32:16,803 root            INFO     Total acts: 108 Random: 30 %% 0.2777777777777778 Q-Table: 78 %% 0.7222222222222222
2022-06-30 13:32:16,804 root            INFO     Init episode: 120
2022-06-30 13:35:28,899 root            INFO     Unknown location error
2022-06-30 13:35:29,701 root            INFO     Time dif: 190.8248496055603
2022-06-30 13:35:29,701 root            INFO     Epsilon: 0.26944235218109824 :: Episode_reward -80339.6
2022-06-30 13:35:29,702 root            INFO     Total acts: 172 Random: 40 %% 0.23255813953488372 Q-Table: 132 %% 0.7674418604651163
2022-06-30 13:35:29,702 root            INFO     Init episode: 121
2022-06-30 13:38:11,620 root            INFO     Is Done!
2022-06-30 13:38:12,300 root            INFO     Time dif: 159.35204601287842
2022-06-30 13:38:12,300 root            INFO     Epsilon: 0.26674792865928726 :: Episode_reward -241.3500000000001
2022-06-30 13:38:12,300 root            INFO     Total acts: 140 Random: 41 %% 0.29285714285714287 Q-Table: 99 %% 0.7071428571428572
2022-06-30 13:38:12,300 root            INFO     Init episode: 122
2022-06-30 13:41:17,666 root            INFO     Is Done!
2022-06-30 13:41:18,357 root            INFO     Time dif: 182.86992502212524
2022-06-30 13:41:18,357 root            INFO     Epsilon: 0.26408044937269437 :: Episode_reward -320.0500000000009
2022-06-30 13:41:18,357 root            INFO     Total acts: 165 Random: 45 %% 0.2727272727272727 Q-Table: 120 %% 0.7272727272727273
2022-06-30 13:41:18,358 root            INFO     Init episode: 123
2022-06-30 13:44:06,269 root            INFO     Is Done!
2022-06-30 13:44:06,964 root            INFO     Time dif: 165.3839864730835
2022-06-30 13:44:06,964 root            INFO     Epsilon: 0.2614396448789674 :: Episode_reward -265.55000000000035
2022-06-30 13:44:06,964 root            INFO     Total acts: 147 Random: 33 %% 0.22448979591836735 Q-Table: 114 %% 0.7755102040816326
2022-06-30 13:44:06,965 root            INFO     Init episode: 124
2022-06-30 13:45:42,317 root            INFO     Unknown location error
2022-06-30 13:45:43,035 root            INFO     Time dif: 94.0571653842926
2022-06-30 13:45:43,035 root            INFO     Epsilon: 0.25882524843017773 :: Episode_reward -80141.7
2022-06-30 13:45:43,035 root            INFO     Total acts: 81 Random: 13 %% 0.16049382716049382 Q-Table: 68 %% 0.8395061728395061
2022-06-30 13:45:43,035 root            INFO     Init episode: 125
2022-06-30 13:49:15,623 root            INFO     Is Done!
2022-06-30 13:49:16,324 root            INFO     Time dif: 209.92707538604736
2022-06-30 13:49:16,324 root            INFO     Epsilon: 0.25623699594587596 :: Episode_reward -322.5999999999998
2022-06-30 13:49:16,324 root            INFO     Total acts: 184 Random: 38 %% 0.20652173913043478 Q-Table: 146 %% 0.7934782608695652
2022-06-30 13:49:16,324 root            INFO     Init episode: 126
2022-06-30 13:52:52,743 root            INFO     Is Done!
2022-06-30 13:52:53,448 root            INFO     Time dif: 213.53429627418518
2022-06-30 13:52:53,448 root            INFO     Epsilon: 0.2536746259864172 :: Episode_reward -335.1500000000003
2022-06-30 13:52:53,448 root            INFO     Total acts: 188 Random: 51 %% 0.2712765957446808 Q-Table: 137 %% 0.7287234042553191
2022-06-30 13:52:53,448 root            INFO     Init episode: 127
2022-06-30 13:54:39,011 root            INFO     Is Done!
2022-06-30 13:54:39,711 root            INFO     Time dif: 103.00462102890015
2022-06-30 13:54:39,711 root            INFO     Epsilon: 0.25113787972655305 :: Episode_reward -85.59999999999995
2022-06-30 13:54:39,711 root            INFO     Total acts: 83 Random: 20 %% 0.24096385542168675 Q-Table: 63 %% 0.7590361445783133
2022-06-30 13:54:39,712 root            INFO     Init episode: 128
2022-06-30 13:57:02,049 root            INFO     Is Done!
2022-06-30 13:57:02,703 root            INFO     Time dif: 139.8289337158203
2022-06-30 13:57:02,703 root            INFO     Epsilon: 0.2486265009292875 :: Episode_reward -124.90000000000008
2022-06-30 13:57:02,704 root            INFO     Total acts: 116 Random: 28 %% 0.2413793103448276 Q-Table: 88 %% 0.7586206896551724
2022-06-30 13:57:02,704 root            INFO     Init episode: 129
2022-06-30 14:00:30,007 root            INFO     Is Done!
2022-06-30 14:00:30,682 root            INFO     Time dif: 204.77268838882446
2022-06-30 14:00:30,682 root            INFO     Epsilon: 0.24614023591999462 :: Episode_reward -310.24999999999955
2022-06-30 14:00:30,682 root            INFO     Total acts: 181 Random: 43 %% 0.23756906077348067 Q-Table: 138 %% 0.7624309392265194
2022-06-30 14:00:30,682 root            INFO     Init episode: 130
2022-06-30 14:02:19,355 root            INFO     Is Done!
2022-06-30 14:02:20,063 root            INFO     Time dif: 106.15828847885132
2022-06-30 14:02:20,064 root            INFO     Epsilon: 0.24367883356079467 :: Episode_reward -94.24999999999993
2022-06-30 14:02:20,064 root            INFO     Total acts: 87 Random: 23 %% 0.26436781609195403 Q-Table: 64 %% 0.735632183908046
2022-06-30 14:02:20,064 root            INFO     Init episode: 131
2022-06-30 14:04:17,453 root            INFO     Unknown location error
2022-06-30 14:04:18,170 root            INFO     Time dif: 116.08782529830933
2022-06-30 14:04:18,170 root            INFO     Epsilon: 0.24124204522518672 :: Episode_reward -80119.85
2022-06-30 14:04:18,170 root            INFO     Total acts: 96 Random: 22 %% 0.22916666666666666 Q-Table: 74 %% 0.7708333333333334
2022-06-30 14:04:18,170 root            INFO     Init episode: 132
2022-06-30 14:06:29,791 root            INFO     Is Done!
2022-06-30 14:06:30,494 root            INFO     Time dif: 129.03676772117615
2022-06-30 14:06:30,494 root            INFO     Epsilon: 0.23882962477293485 :: Episode_reward -165.20000000000022
2022-06-30 14:06:30,494 root            INFO     Total acts: 110 Random: 22 %% 0.2 Q-Table: 88 %% 0.8
2022-06-30 14:06:30,494 root            INFO     Init episode: 133
2022-06-30 14:09:40,689 root            INFO     Is Done!
2022-06-30 14:09:41,471 root            INFO     Time dif: 187.68993759155273
2022-06-30 14:09:41,471 root            INFO     Epsilon: 0.2364413285252055 :: Episode_reward -253.6499999999998
2022-06-30 14:09:41,471 root            INFO     Total acts: 163 Random: 36 %% 0.22085889570552147 Q-Table: 127 %% 0.7791411042944786
2022-06-30 14:09:41,471 root            INFO     Init episode: 134
2022-06-30 14:12:53,338 root            INFO     Is Done!
2022-06-30 14:12:54,044 root            INFO     Time dif: 189.31658697128296
2022-06-30 14:12:54,044 root            INFO     Epsilon: 0.23407691523995344 :: Episode_reward -278.35
2022-06-30 14:12:54,044 root            INFO     Total acts: 165 Random: 47 %% 0.28484848484848485 Q-Table: 118 %% 0.7151515151515152
2022-06-30 14:12:54,045 root            INFO     Init episode: 135
2022-06-30 14:16:57,440 root            INFO     Is Done!
2022-06-30 14:16:58,132 root            INFO     Time dif: 240.8016803264618
2022-06-30 14:16:58,132 root            INFO     Epsilon: 0.2317361460875539 :: Episode_reward -425.9499999999997
2022-06-30 14:16:58,132 root            INFO     Total acts: 218 Random: 56 %% 0.25688073394495414 Q-Table: 162 %% 0.7431192660550459
2022-06-30 14:16:58,133 root            INFO     Init episode: 136
2022-06-30 14:21:06,086 root            INFO     Is Done!
2022-06-30 14:21:06,809 root            INFO     Time dif: 245.41289806365967
2022-06-30 14:21:06,809 root            INFO     Epsilon: 0.22941878462667836 :: Episode_reward -420.3000000000002
2022-06-30 14:21:06,809 root            INFO     Total acts: 221 Random: 45 %% 0.20361990950226244 Q-Table: 176 %% 0.7963800904977375
2022-06-30 14:21:06,809 root            INFO     Init episode: 137
2022-06-30 14:23:53,180 root            INFO     Unknown location error
2022-06-30 14:23:53,838 root            INFO     Time dif: 165.06196355819702
2022-06-30 14:23:53,838 root            INFO     Epsilon: 0.22712459678041158 :: Episode_reward -80277.25
2022-06-30 14:23:53,838 root            INFO     Total acts: 148 Random: 24 %% 0.16216216216216217 Q-Table: 124 %% 0.8378378378378378
2022-06-30 14:23:53,839 root            INFO     Init episode: 138
2022-06-30 14:26:48,537 root            INFO     Is Done!
2022-06-30 14:26:49,215 root            INFO     Time dif: 172.11589646339417
2022-06-30 14:26:49,215 root            INFO     Epsilon: 0.22485335081260746 :: Episode_reward -255.34999999999997
2022-06-30 14:26:49,215 root            INFO     Total acts: 153 Random: 39 %% 0.2549019607843137 Q-Table: 114 %% 0.7450980392156863
2022-06-30 14:26:49,215 root            INFO     Init episode: 139
2022-06-30 14:30:30,406 root            INFO     Is Done!
2022-06-30 14:30:31,071 root            INFO     Time dif: 218.595032453537
2022-06-30 14:30:31,071 root            INFO     Epsilon: 0.2226048173044814 :: Episode_reward -395.65000000000083
2022-06-30 14:30:31,071 root            INFO     Total acts: 203 Random: 43 %% 0.21182266009852216 Q-Table: 160 %% 0.7881773399014779
2022-06-30 14:30:31,071 root            INFO     Init episode: 140
2022-06-30 14:32:31,741 root            INFO     Is Done!
2022-06-30 14:32:32,463 root            INFO     Time dif: 118.08390474319458
2022-06-30 14:32:32,463 root            INFO     Epsilon: 0.22037876913143659 :: Episode_reward -174.90000000000018
2022-06-30 14:32:32,463 root            INFO     Total acts: 105 Random: 24 %% 0.22857142857142856 Q-Table: 81 %% 0.7714285714285715
2022-06-30 14:32:32,463 root            INFO     Init episode: 141
2022-06-30 14:34:14,759 root            INFO     Is Done!
2022-06-30 14:34:15,455 root            INFO     Time dif: 99.75204348564148
2022-06-30 14:34:15,455 root            INFO     Epsilon: 0.2181749814401222 :: Episode_reward -75.19999999999995
2022-06-30 14:34:15,455 root            INFO     Total acts: 79 Random: 17 %% 0.21518987341772153 Q-Table: 62 %% 0.7848101265822784
2022-06-30 14:34:15,455 root            INFO     Init episode: 142
2022-06-30 14:35:59,290 root            INFO     Is Done!
2022-06-30 14:35:59,966 root            INFO     Time dif: 101.27072620391846
2022-06-30 14:35:59,966 root            INFO     Epsilon: 0.21599323162572098 :: Episode_reward -82.19999999999992
2022-06-30 14:35:59,966 root            INFO     Total acts: 82 Random: 22 %% 0.2682926829268293 Q-Table: 60 %% 0.7317073170731707
2022-06-30 14:35:59,967 root            INFO     Init episode: 143
2022-06-30 14:38:56,148 root            INFO     Is Done!
2022-06-30 14:38:56,840 root            INFO     Time dif: 173.64435362815857
2022-06-30 14:38:56,840 root            INFO     Epsilon: 0.21383329930946376 :: Episode_reward -297.9500000000006
2022-06-30 14:38:56,840 root            INFO     Total acts: 155 Random: 29 %% 0.1870967741935484 Q-Table: 126 %% 0.8129032258064516
2022-06-30 14:38:56,840 root            INFO     Init episode: 144
2022-06-30 14:40:27,472 root            INFO     Is Done!
2022-06-30 14:40:28,161 root            INFO     Time dif: 88.07836771011353
2022-06-30 14:40:28,161 root            INFO     Epsilon: 0.21169496631636914 :: Episode_reward -40.34999999999998
2022-06-30 14:40:28,161 root            INFO     Total acts: 68 Random: 17 %% 0.25 Q-Table: 51 %% 0.75
2022-06-30 14:40:28,161 root            INFO     Init episode: 145
2022-06-30 14:43:01,528 root            INFO     Is Done!
2022-06-30 14:43:02,207 root            INFO     Time dif: 150.4624092578888
2022-06-30 14:43:02,207 root            INFO     Epsilon: 0.20957801665320544 :: Episode_reward -159.9500000000003
2022-06-30 14:43:02,207 root            INFO     Total acts: 124 Random: 22 %% 0.1774193548387097 Q-Table: 102 %% 0.8225806451612904
2022-06-30 14:43:02,207 root            INFO     Init episode: 146
2022-06-30 14:45:09,580 root            INFO     Is Done!
2022-06-30 14:45:10,255 root            INFO     Time dif: 124.83183479309082
2022-06-30 14:45:10,256 root            INFO     Epsilon: 0.20748223648667338 :: Episode_reward -79.30000000000003
2022-06-30 14:45:10,256 root            INFO     Total acts: 98 Random: 16 %% 0.16326530612244897 Q-Table: 82 %% 0.8367346938775511
2022-06-30 14:45:10,256 root            INFO     Init episode: 147
2022-06-30 14:48:26,984 root            INFO     Is Done!
2022-06-30 14:48:27,678 root            INFO     Time dif: 194.2134428024292
2022-06-30 14:48:27,678 root            INFO     Epsilon: 0.20540741412180666 :: Episode_reward -284.70000000000056
2022-06-30 14:48:27,678 root            INFO     Total acts: 169 Random: 30 %% 0.17751479289940827 Q-Table: 139 %% 0.8224852071005917
2022-06-30 14:48:27,678 root            INFO     Init episode: 148
2022-06-30 14:53:10,218 root            INFO     Unknown location error
2022-06-30 14:53:10,925 root            INFO     Time dif: 281.2491772174835
2022-06-30 14:53:10,925 root            INFO     Epsilon: 0.20335333998058858 :: Episode_reward -80532.7
2022-06-30 14:53:10,925 root            INFO     Total acts: 256 Random: 42 %% 0.1640625 Q-Table: 214 %% 0.8359375
2022-06-30 14:53:10,926 root            INFO     Init episode: 149
2022-06-30 14:56:04,227 root            INFO     Is Done!
2022-06-30 14:56:04,917 root            INFO     Time dif: 170.7981243133545
2022-06-30 14:56:04,918 root            INFO     Epsilon: 0.2013198065807827 :: Episode_reward -208.34999999999957
2022-06-30 14:56:04,918 root            INFO     Total acts: 145 Random: 32 %% 0.2206896551724138 Q-Table: 113 %% 0.7793103448275862
2022-06-30 14:56:04,918 root            INFO     Init episode: 150
2022-06-30 14:57:55,084 root            INFO     Is Done!
2022-06-30 14:57:55,790 root            INFO     Time dif: 107.36740922927856
2022-06-30 14:57:55,791 root            INFO     Epsilon: 0.19930660851497486 :: Episode_reward -34.300000000000026
2022-06-30 14:57:55,791 root            INFO     Total acts: 80 Random: 19 %% 0.2375 Q-Table: 61 %% 0.7625
2022-06-30 14:57:55,791 root            INFO     Init episode: 151
2022-06-30 15:00:45,179 root            INFO     Is Done!
2022-06-30 15:00:45,818 root            INFO     Time dif: 166.81518411636353
2022-06-30 15:00:45,818 root            INFO     Epsilon: 0.1973135424298251 :: Episode_reward -189.24999999999983
2022-06-30 15:00:45,818 root            INFO     Total acts: 137 Random: 25 %% 0.18248175182481752 Q-Table: 112 %% 0.8175182481751825
2022-06-30 15:00:45,819 root            INFO     Init episode: 152
2022-06-30 15:03:02,550 root            INFO     Is Done!
2022-06-30 15:03:03,216 root            INFO     Time dif: 134.18052792549133
2022-06-30 15:03:03,216 root            INFO     Epsilon: 0.19534040700552685 :: Episode_reward -62.49999999999996
2022-06-30 15:03:03,216 root            INFO     Total acts: 100 Random: 17 %% 0.17 Q-Table: 83 %% 0.83
2022-06-30 15:03:03,217 root            INFO     Init episode: 153
2022-06-30 15:07:28,858 root            INFO     Is Done!
2022-06-30 15:07:29,518 root            INFO     Time dif: 263.0429286956787
2022-06-30 15:07:29,518 root            INFO     Epsilon: 0.1933870029354716 :: Episode_reward -463.10000000000093
2022-06-30 15:07:29,518 root            INFO     Total acts: 239 Random: 53 %% 0.2217573221757322 Q-Table: 186 %% 0.7782426778242678
2022-06-30 15:07:29,518 root            INFO     Init episode: 154
2022-06-30 15:11:20,050 root            INFO     Is Done!
2022-06-30 15:11:20,716 root            INFO     Time dif: 227.9280288219452
2022-06-30 15:11:20,716 root            INFO     Epsilon: 0.19145313290611687 :: Episode_reward -341.7499999999989
2022-06-30 15:11:20,716 root            INFO     Total acts: 201 Random: 43 %% 0.21393034825870647 Q-Table: 158 %% 0.7860696517412935
2022-06-30 15:11:20,716 root            INFO     Init episode: 155
2022-06-30 15:15:07,071 root            INFO     Is Done!
2022-06-30 15:15:07,726 root            INFO     Time dif: 223.76739287376404
2022-06-30 15:15:07,726 root            INFO     Epsilon: 0.1895386015770557 :: Episode_reward -349.15000000000015
2022-06-30 15:15:07,726 root            INFO     Total acts: 198 Random: 51 %% 0.25757575757575757 Q-Table: 147 %% 0.7424242424242424
2022-06-30 15:15:07,726 root            INFO     Init episode: 156
2022-06-30 15:19:55,087 root            INFO     Unknown location error
2022-06-30 15:19:55,758 root            INFO     Time dif: 286.0508713722229
2022-06-30 15:19:55,758 root            INFO     Epsilon: 0.18764321556128516 :: Episode_reward -80533.95
2022-06-30 15:19:55,758 root            INFO     Total acts: 263 Random: 46 %% 0.17490494296577946 Q-Table: 217 %% 0.8250950570342205
2022-06-30 15:19:55,759 root            INFO     Init episode: 157
2022-06-30 15:25:49,571 root            INFO     Is Done!
2022-06-30 15:25:50,220 root            INFO     Time dif: 351.2305328845978
2022-06-30 15:25:50,220 root            INFO     Epsilon: 0.1857667834056723 :: Episode_reward -706.9999999999993
2022-06-30 15:25:50,220 root            INFO     Total acts: 333 Random: 56 %% 0.16816816816816818 Q-Table: 277 %% 0.8318318318318318
2022-06-30 15:25:50,220 root            INFO     Init episode: 158
2022-06-30 15:28:11,669 root            INFO     Is Done!
2022-06-30 15:28:12,389 root            INFO     Time dif: 138.58470964431763
2022-06-30 15:28:12,389 root            INFO     Epsilon: 0.18390911557161557 :: Episode_reward -149.44999999999996
2022-06-30 15:28:12,389 root            INFO     Total acts: 114 Random: 24 %% 0.21052631578947367 Q-Table: 90 %% 0.7894736842105263
2022-06-30 15:28:12,389 root            INFO     Init episode: 159
2022-06-30 15:31:29,135 root            INFO     Is Done!
2022-06-30 15:31:29,837 root            INFO     Time dif: 194.2373561859131
2022-06-30 15:31:29,837 root            INFO     Epsilon: 0.18207002441589942 :: Episode_reward -274.1999999999997
2022-06-30 15:31:29,838 root            INFO     Total acts: 167 Random: 34 %% 0.20359281437125748 Q-Table: 133 %% 0.7964071856287425
2022-06-30 15:31:29,838 root            INFO     Init episode: 160
2022-06-30 15:33:02,322 root            INFO     Unknown location error
2022-06-30 15:33:03,034 root            INFO     Time dif: 91.16762590408325
2022-06-30 15:33:03,034 root            INFO     Epsilon: 0.18024932417174042 :: Episode_reward -80139.9
2022-06-30 15:33:03,034 root            INFO     Total acts: 78 Random: 16 %% 0.20512820512820512 Q-Table: 62 %% 0.7948717948717948
2022-06-30 15:33:03,034 root            INFO     Init episode: 161
2022-06-30 15:36:42,395 root            INFO     Is Done!
2022-06-30 15:36:43,095 root            INFO     Time dif: 216.83203411102295
2022-06-30 15:36:43,095 root            INFO     Epsilon: 0.178446830930023 :: Episode_reward -323.30000000000035
2022-06-30 15:36:43,095 root            INFO     Total acts: 190 Random: 40 %% 0.21052631578947367 Q-Table: 150 %% 0.7894736842105263
2022-06-30 15:36:43,095 root            INFO     Init episode: 162
2022-06-30 15:38:36,278 root            INFO     Is Done!
2022-06-30 15:38:37,005 root            INFO     Time dif: 110.48777914047241
2022-06-30 15:38:37,006 root            INFO     Epsilon: 0.17666236262072277 :: Episode_reward -88.29999999999993
2022-06-30 15:38:37,006 root            INFO     Total acts: 88 Random: 18 %% 0.20454545454545456 Q-Table: 70 %% 0.7954545454545454
2022-06-30 15:38:37,006 root            INFO     Init episode: 163
2022-06-30 15:39:50,009 root            INFO     Is Done!
2022-06-30 15:39:50,701 root            INFO     Time dif: 70.3387246131897
2022-06-30 15:39:50,701 root            INFO     Epsilon: 0.17489573899451555 :: Episode_reward 12.949999999999985
2022-06-30 15:39:50,702 root            INFO     Total acts: 49 Random: 11 %% 0.22448979591836735 Q-Table: 38 %% 0.7755102040816326
2022-06-30 15:39:50,702 root            INFO     Init episode: 164
2022-06-30 15:42:04,746 root            INFO     Is Done!
2022-06-30 15:42:05,458 root            INFO     Time dif: 131.43425846099854
2022-06-30 15:42:05,458 root            INFO     Epsilon: 0.1731467816045704 :: Episode_reward -86.44999999999995
2022-06-30 15:42:05,458 root            INFO     Total acts: 103 Random: 22 %% 0.21359223300970873 Q-Table: 81 %% 0.7864077669902912
2022-06-30 15:42:05,458 root            INFO     Init episode: 165
